2025-12-23 10:35:44.590 INFO  c.k.k.c.l.logback.LogbackConfigurator    - Logback default configuration initialized from: C:\Users\Shashi Prasanjit\.katalon\packages\KSE-10.4.0\configuration\org.eclipse.osgi\131\0\.cp\resources\logback\logback-execution.xml
2025-12-23 10:35:44.596 INFO  c.k.k.c.l.logback.LogbackConfigurator    - Logback custom configuration initialized from: C:\githubproject\gocopious\HRIS\Include\config\log.properties
2025-12-23 10:35:44.858 INFO  c.k.katalon.core.main.TestSuiteExecutor  - START Test Suites/dashboard
2025-12-23 10:35:45.078 INFO  c.k.katalon.core.main.TestSuiteExecutor  - userFullName = Shashi Prakash
2025-12-23 10:35:45.080 INFO  c.k.katalon.core.main.TestSuiteExecutor  - projectName = HRIS
2025-12-23 10:35:45.080 INFO  c.k.katalon.core.main.TestSuiteExecutor  - hostName = Shashi Prasanjit - Shashi
2025-12-23 10:35:45.081 INFO  c.k.katalon.core.main.TestSuiteExecutor  - os = Windows 11 64bit
2025-12-23 10:35:45.082 INFO  c.k.katalon.core.main.TestSuiteExecutor  - hostAddress = 192.168.1.4
2025-12-23 10:35:45.084 INFO  c.k.katalon.core.main.TestSuiteExecutor  - katalonVersion = 10.4.0.0
2025-12-23 10:35:46.253 INFO  c.k.katalon.core.main.TestCaseExecutor   - --------------------
2025-12-23 10:35:46.254 INFO  c.k.katalon.core.main.TestCaseExecutor   - START Test Cases/HRIS/dashboard/mydashboard
2025-12-23 10:35:47.170 DEBUG testcase.mydashboard                     - 1: openBrowser("https://qahris.trilasoft.com/")
2025-12-23 10:35:47.983 INFO  c.k.k.core.webui.driver.DriverFactory    - Starting 'Chrome' driver
2025-12-23 10:35:48.072 INFO  c.k.k.core.webui.driver.DriverFactory    - Action delay is set to 0 milliseconds
Dec 23, 2025 10:35:50 AM org.openqa.selenium.devtools.CdpVersionFinder findNearestMatch
WARNING: Unable to find CDP implementation matching 143
Dec 23, 2025 10:35:50 AM org.openqa.selenium.chromium.ChromiumDriver lambda$new$4
WARNING: Unable to find version of CDP to use for 143.0.7499.147. You may need to include a dependency on a specific version of the CDP using something similar to `org.seleniumhq.selenium:selenium-devtools-v86:4.28.1` where the version ("v86") matches the version of the chromium-based browser you're using and the version number of the artifact is the same as Selenium's.
2025-12-23 10:35:52.550 INFO  c.k.k.core.webui.driver.DriverFactory    - sessionId = 6755cbd4213dfb1ea0698c4c2d296ba8
2025-12-23 10:35:52.551 INFO  c.k.k.core.webui.driver.DriverFactory    - browser = Chrome 143.0.7499.147
2025-12-23 10:35:52.552 INFO  c.k.k.core.webui.driver.DriverFactory    - platform = Windows 11
2025-12-23 10:35:52.553 INFO  c.k.k.core.webui.driver.DriverFactory    - seleniumVersion = 4.28.1
2025-12-23 10:35:52.579 INFO  c.k.k.core.webui.driver.DriverFactory    - proxyInformation = ProxyInformation { proxyOption=NO_PROXY, proxyServerType=HTTP, username=, password=********, proxyServerAddress=, proxyServerPort=0, executionList="", isApplyToDesiredCapabilities=true }
2025-12-23 10:35:53.906 DEBUG testcase.mydashboard                     - 2: setText(findTestObject("Object Repository/HRIS/Page_Login  TrilaSoft/input_Remember Me_email"), username)
2025-12-23 10:35:56.864 DEBUG testcase.mydashboard                     - 3: setEncryptedText(findTestObject("Object Repository/HRIS/Page_Login  TrilaSoft/input_Remember Me_password"), password)
2025-12-23 10:35:57.979 DEBUG testcase.mydashboard                     - 4: click(findTestObject("Object Repository/HRIS/Page_Login  TrilaSoft/button_Remember Me_btn btn-primary"))
2025-12-23 10:36:04.040 DEBUG testcase.mydashboard                     - 5: click(findTestObject("Object Repository/HRIS/dashboard_menu/Page_My Dashboard  TrilaSoft/a"))
2025-12-23 10:36:06.617 DEBUG testcase.mydashboard                     - 6: title = getText(findTestObject("Object Repository/HRIS/Page_My Dashboard  TrilaSoft/h3"))
2025-12-23 10:36:07.272 DEBUG testcase.mydashboard                     - 7: println(title)
Monika Nigam (TS/0128)
2025-12-23 10:36:07.300 DEBUG testcase.mydashboard                     - 8: assert title == "Monika Nigam (TS/0128)"
2025-12-23 10:36:07.324 DEBUG testcase.mydashboard                     - 9: closeBrowser()
2025-12-23 10:36:07.841 INFO  c.k.katalon.core.main.TestCaseExecutor   - END Test Cases/HRIS/dashboard/mydashboard
2025-12-23 10:36:07.918 INFO  c.k.katalon.core.main.TestCaseExecutor   - --------------------
2025-12-23 10:36:07.918 INFO  c.k.katalon.core.main.TestCaseExecutor   - START Test Cases/HRIS/dashboard/mydocuments
2025-12-23 10:36:08.062 DEBUG testcase.mydocuments                     - 1: openBrowser("https://qahris.trilasoft.com/")
2025-12-23 10:36:08.067 INFO  c.k.k.core.webui.driver.DriverFactory    - Starting 'Chrome' driver
2025-12-23 10:36:08.069 INFO  c.k.k.core.webui.driver.DriverFactory    - Action delay is set to 0 milliseconds
Dec 23, 2025 10:36:09 AM org.openqa.selenium.devtools.CdpVersionFinder findNearestMatch
WARNING: Unable to find CDP implementation matching 143
Dec 23, 2025 10:36:09 AM org.openqa.selenium.chromium.ChromiumDriver lambda$new$4
WARNING: Unable to find version of CDP to use for 143.0.7499.147. You may need to include a dependency on a specific version of the CDP using something similar to `org.seleniumhq.selenium:selenium-devtools-v86:4.28.1` where the version ("v86") matches the version of the chromium-based browser you're using and the version number of the artifact is the same as Selenium's.
2025-12-23 10:36:09.235 INFO  c.k.k.core.webui.driver.DriverFactory    - sessionId = e8f064055696305eba88fbcdf9c0b9c2
2025-12-23 10:36:09.236 INFO  c.k.k.core.webui.driver.DriverFactory    - browser = Chrome 143.0.7499.147
2025-12-23 10:36:09.239 INFO  c.k.k.core.webui.driver.DriverFactory    - platform = Windows 11
2025-12-23 10:36:09.240 INFO  c.k.k.core.webui.driver.DriverFactory    - seleniumVersion = 4.28.1
2025-12-23 10:36:09.241 INFO  c.k.k.core.webui.driver.DriverFactory    - proxyInformation = ProxyInformation { proxyOption=NO_PROXY, proxyServerType=HTTP, username=, password=********, proxyServerAddress=, proxyServerPort=0, executionList="", isApplyToDesiredCapabilities=true }
2025-12-23 10:36:10.216 DEBUG testcase.mydocuments                     - 2: setText(findTestObject("Object Repository/HRIS/Page_Login  TrilaSoft/input_Remember Me_email"), username)
2025-12-23 10:36:12.406 DEBUG testcase.mydocuments                     - 3: setEncryptedText(findTestObject("Object Repository/HRIS/Page_Login  TrilaSoft/input_Remember Me_password"), password)
2025-12-23 10:36:13.611 DEBUG testcase.mydocuments                     - 4: click(findTestObject("Object Repository/HRIS/Page_Login  TrilaSoft/button_Remember Me_btn btn-primary"))
2025-12-23 10:36:19.221 DEBUG testcase.mydocuments                     - 5: click(findTestObject("Object Repository/HRIS/dashboard_menu/Page_My Dashboard  TrilaSoft/a_1"))
2025-12-23 10:36:21.426 DEBUG testcase.mydocuments                     - 6: title = getText(findTestObject("Object Repository/HRIS/Page_Documents  TrilaSoft/h3"))
2025-12-23 10:36:22.060 DEBUG testcase.mydocuments                     - 7: println(title)
Documents
2025-12-23 10:36:22.066 DEBUG testcase.mydocuments                     - 8: assert title == "Documents"
2025-12-23 10:36:22.069 DEBUG testcase.mydocuments                     - 9: closeBrowser()
2025-12-23 10:36:22.555 INFO  c.k.katalon.core.main.TestCaseExecutor   - END Test Cases/HRIS/dashboard/mydocuments
2025-12-23 10:36:22.644 INFO  c.k.katalon.core.main.TestSuiteExecutor  - --------------------
2025-12-23 10:36:22.645 INFO  c.k.katalon.core.main.TestSuiteExecutor  - END Test Suites/dashboard
2025-12-23 10:36:22.646 INFO  c.k.katalon.core.main.TestSuiteExecutor  - ====================
