2025-12-26 17:27:47.519 INFO  c.k.k.c.l.logback.LogbackConfigurator    - Logback default configuration initialized from: C:\Users\Shashi Prasanjit\.katalon\packages\KSE-10.4.0\configuration\org.eclipse.osgi\131\0\.cp\resources\logback\logback-execution.xml
2025-12-26 17:27:47.523 INFO  c.k.k.c.l.logback.LogbackConfigurator    - Logback custom configuration initialized from: C:\githubproject\gocopious\HRIS\Include\config\log.properties
2025-12-26 17:27:47.666 INFO  c.k.katalon.core.main.TestSuiteExecutor  - START Test Suites/TS_01
2025-12-26 17:27:47.807 INFO  c.k.katalon.core.main.TestSuiteExecutor  - userFullName = Shashi Prakash
2025-12-26 17:27:47.809 INFO  c.k.katalon.core.main.TestSuiteExecutor  - projectName = HRIS
2025-12-26 17:27:47.810 INFO  c.k.katalon.core.main.TestSuiteExecutor  - hostName = Shashi Prasanjit - Shashi
2025-12-26 17:27:47.811 INFO  c.k.katalon.core.main.TestSuiteExecutor  - os = Windows 11 64bit
2025-12-26 17:27:47.811 INFO  c.k.katalon.core.main.TestSuiteExecutor  - hostAddress = 192.168.1.4
2025-12-26 17:27:47.812 INFO  c.k.katalon.core.main.TestSuiteExecutor  - katalonVersion = 10.4.0.0
2025-12-26 17:27:48.481 INFO  c.k.katalon.core.main.TestCaseExecutor   - --------------------
2025-12-26 17:27:48.482 INFO  c.k.katalon.core.main.TestCaseExecutor   - START Test Cases/HRIS/SignIn/testcase1
2025-12-26 17:27:48.546 INFO  c.k.katalon.core.main.TestCaseExecutor   - (Default) username = mnigam@trilasoft.com
2025-12-26 17:27:48.563 INFO  c.k.katalon.core.main.TestCaseExecutor   - (Default) password = 2PoMj4oAYx42RzXHCsn4SA==
2025-12-26 17:27:48.903 DEBUG testcase.testcase1                       - 1: openBrowser("https://qahris.trilasoft.com/")
2025-12-26 17:27:49.155 INFO  c.k.k.core.webui.driver.DriverFactory    - Starting 'Chrome' driver
2025-12-26 17:27:49.212 INFO  c.k.k.core.webui.driver.DriverFactory    - Action delay is set to 0 milliseconds
Dec 26, 2025 5:27:50 PM org.openqa.selenium.devtools.CdpVersionFinder findNearestMatch
WARNING: Unable to find CDP implementation matching 143
Dec 26, 2025 5:27:50 PM org.openqa.selenium.chromium.ChromiumDriver lambda$new$4
WARNING: Unable to find version of CDP to use for 143.0.7499.147. You may need to include a dependency on a specific version of the CDP using something similar to `org.seleniumhq.selenium:selenium-devtools-v86:4.28.1` where the version ("v86") matches the version of the chromium-based browser you're using and the version number of the artifact is the same as Selenium's.
2025-12-26 17:27:51.147 INFO  c.k.k.core.webui.driver.DriverFactory    - sessionId = 2add83d0ed51287eb0363c096198c676
2025-12-26 17:27:51.148 INFO  c.k.k.core.webui.driver.DriverFactory    - browser = Chrome 143.0.7499.147
2025-12-26 17:27:51.149 INFO  c.k.k.core.webui.driver.DriverFactory    - platform = Windows 11
2025-12-26 17:27:51.150 INFO  c.k.k.core.webui.driver.DriverFactory    - seleniumVersion = 4.28.1
2025-12-26 17:27:51.163 INFO  c.k.k.core.webui.driver.DriverFactory    - proxyInformation = ProxyInformation { proxyOption=NO_PROXY, proxyServerType=HTTP, username=, password=********, proxyServerAddress=, proxyServerPort=0, executionList="", isApplyToDesiredCapabilities=true }
2025-12-26 17:27:52.022 DEBUG testcase.testcase1                       - 2: setText(findTestObject("Object Repository/HRIS/Page_Login  TrilaSoft/input_Remember Me_email"), username)
2025-12-26 17:27:53.462 DEBUG testcase.testcase1                       - 3: setEncryptedText(findTestObject("Object Repository/HRIS/Page_Login  TrilaSoft/input_Remember Me_password"), password)
2025-12-26 17:27:54.043 DEBUG testcase.testcase1                       - 4: click(findTestObject("Object Repository/HRIS/Page_Login  TrilaSoft/button_Remember Me_btn btn-primary"))
2025-12-26 17:27:58.933 DEBUG testcase.testcase1                       - 5: title = getWindowTitle()
2025-12-26 17:27:58.964 DEBUG testcase.testcase1                       - 6: println(title)
My Dashboard | TrilaSoft
2025-12-26 17:27:58.972 DEBUG testcase.testcase1                       - 7: assert title == "My Dashboard | TrilaSoft"
2025-12-26 17:27:58.977 DEBUG testcase.testcase1                       - 8: closeBrowser()
2025-12-26 17:27:59.200 INFO  c.k.katalon.core.main.TestCaseExecutor   - END Test Cases/HRIS/SignIn/testcase1
2025-12-26 17:27:59.250 INFO  c.k.katalon.core.main.TestSuiteExecutor  - --------------------
2025-12-26 17:27:59.251 INFO  c.k.katalon.core.main.TestSuiteExecutor  - END Test Suites/TS_01
2025-12-26 17:27:59.251 INFO  c.k.katalon.core.main.TestSuiteExecutor  - ====================
