2025-12-02 11:30:58.587 INFO  c.k.k.c.l.logback.LogbackConfigurator    - Logback default configuration initialized from: C:\Users\Shashi Prasanjit\.katalon\packages\KSE-10.4.0\configuration\org.eclipse.osgi\131\0\.cp\resources\logback\logback-execution.xml
2025-12-02 11:30:58.590 INFO  c.k.k.c.l.logback.LogbackConfigurator    - Logback custom configuration initialized from: C:\Users\Shashi Prasanjit\Katalon Studio\HRIS\Include\config\log.properties
2025-12-02 11:30:58.703 INFO  c.k.katalon.core.main.TestSuiteExecutor  - START Test Suites/TS_05
2025-12-02 11:30:58.839 INFO  c.k.katalon.core.main.TestSuiteExecutor  - userFullName = Shashi Prakash
2025-12-02 11:30:58.840 INFO  c.k.katalon.core.main.TestSuiteExecutor  - projectName = HRIS
2025-12-02 11:30:58.841 INFO  c.k.katalon.core.main.TestSuiteExecutor  - hostName = Shashi Prasanjit - 192.168.1.3
2025-12-02 11:30:58.842 INFO  c.k.katalon.core.main.TestSuiteExecutor  - os = Windows 11 64bit
2025-12-02 11:30:58.842 INFO  c.k.katalon.core.main.TestSuiteExecutor  - hostAddress = 192.168.1.3
2025-12-02 11:30:58.844 INFO  c.k.katalon.core.main.TestSuiteExecutor  - katalonVersion = 10.4.0.0
2025-12-02 11:30:59.408 INFO  c.k.katalon.core.main.TestCaseExecutor   - --------------------
2025-12-02 11:30:59.408 INFO  c.k.katalon.core.main.TestCaseExecutor   - START Test Cases/HRIS/SignIn/testcase21
2025-12-02 11:30:59.753 DEBUG testcase.testcase21                      - 1: openBrowser("https://qahris.trilasoft.com/")
2025-12-02 11:30:59.989 INFO  c.k.k.core.webui.driver.DriverFactory    - Starting 'Chrome' driver
2025-12-02 11:31:00.035 INFO  c.k.k.core.webui.driver.DriverFactory    - Action delay is set to 0 milliseconds
Dec 02, 2025 11:31:01 AM org.openqa.selenium.devtools.CdpVersionFinder findNearestMatch
WARNING: Unable to find an exact match for CDP version 142, returning the closest version; found: 138; Please update to a Selenium version that supports CDP version 142
2025-12-02 11:31:01.567 INFO  c.k.k.core.webui.driver.DriverFactory    - sessionId = 032e5ec19f334b956e18bdd01cc9bbbc
2025-12-02 11:31:01.568 INFO  c.k.k.core.webui.driver.DriverFactory    - browser = Chrome 142.0.7444.176
2025-12-02 11:31:01.569 INFO  c.k.k.core.webui.driver.DriverFactory    - platform = Windows 11
2025-12-02 11:31:01.569 INFO  c.k.k.core.webui.driver.DriverFactory    - seleniumVersion = 4.28.1
2025-12-02 11:31:01.580 INFO  c.k.k.core.webui.driver.DriverFactory    - proxyInformation = ProxyInformation { proxyOption=NO_PROXY, proxyServerType=HTTP, username=, password=********, proxyServerAddress=, proxyServerPort=0, executionList="", isApplyToDesiredCapabilities=true }
2025-12-02 11:31:02.159 DEBUG testcase.testcase21                      - 2: setText(findTestObject("Object Repository/HRIS/Page_Login  TrilaSoft/input_Remember Me_email"), username)
2025-12-02 11:31:02.992 DEBUG testcase.testcase21                      - 3: setEncryptedText(findTestObject("Object Repository/HRIS/Page_Login  TrilaSoft/input_Remember Me_password"), password)
2025-12-02 11:31:03.390 DEBUG testcase.testcase21                      - 4: click(findTestObject("Object Repository/HRIS/Page_Login  TrilaSoft/button_Remember Me_btn btn-primary"))
2025-12-02 11:31:06.852 DEBUG testcase.testcase21                      - 5: title = getWindowTitle()
2025-12-02 11:31:06.877 DEBUG testcase.testcase21                      - 6: println(title)
My Dashboard | TrilaSoft
2025-12-02 11:31:06.879 DEBUG testcase.testcase21                      - 7: assert title == "My Dashboard | TrilaSoft"
2025-12-02 11:31:06.884 DEBUG testcase.testcase21                      - 8: closeBrowser()
2025-12-02 11:31:07.058 INFO  c.k.katalon.core.main.TestCaseExecutor   - END Test Cases/HRIS/SignIn/testcase21
2025-12-02 11:31:07.066 INFO  c.k.katalon.core.main.TestCaseExecutor   - --------------------
2025-12-02 11:31:07.066 INFO  c.k.katalon.core.main.TestCaseExecutor   - START Test Cases/HRIS/SignIn/testcase22
2025-12-02 11:31:07.077 DEBUG testcase.testcase21                      - 1: openBrowser("https://qahris.trilasoft.com/")
2025-12-02 11:31:07.081 INFO  c.k.k.core.webui.driver.DriverFactory    - Starting 'Chrome' driver
2025-12-02 11:31:07.082 INFO  c.k.k.core.webui.driver.DriverFactory    - Action delay is set to 0 milliseconds
Dec 02, 2025 11:31:07 AM org.openqa.selenium.devtools.CdpVersionFinder findNearestMatch
WARNING: Unable to find an exact match for CDP version 142, returning the closest version; found: 138; Please update to a Selenium version that supports CDP version 142
2025-12-02 11:31:07.859 INFO  c.k.k.core.webui.driver.DriverFactory    - sessionId = cd1cdfe98fb09fceaf27ec8fd57f4c1d
2025-12-02 11:31:07.861 INFO  c.k.k.core.webui.driver.DriverFactory    - browser = Chrome 142.0.7444.176
2025-12-02 11:31:07.861 INFO  c.k.k.core.webui.driver.DriverFactory    - platform = Windows 11
2025-12-02 11:31:07.862 INFO  c.k.k.core.webui.driver.DriverFactory    - seleniumVersion = 4.28.1
2025-12-02 11:31:07.862 INFO  c.k.k.core.webui.driver.DriverFactory    - proxyInformation = ProxyInformation { proxyOption=NO_PROXY, proxyServerType=HTTP, username=, password=********, proxyServerAddress=, proxyServerPort=0, executionList="", isApplyToDesiredCapabilities=true }
2025-12-02 11:31:08.376 DEBUG testcase.testcase21                      - 2: setText(findTestObject("Object Repository/HRIS/Page_Login  TrilaSoft/input_Remember Me_email"), username)
2025-12-02 11:31:09.257 DEBUG testcase.testcase21                      - 3: setEncryptedText(findTestObject("Object Repository/HRIS/Page_Login  TrilaSoft/input_Remember Me_password"), password)
2025-12-02 11:31:09.645 DEBUG testcase.testcase21                      - 4: click(findTestObject("Object Repository/HRIS/Page_Login  TrilaSoft/button_Remember Me_btn btn-primary"))
2025-12-02 11:31:13.189 DEBUG testcase.testcase21                      - 5: title = getWindowTitle()
2025-12-02 11:31:13.202 DEBUG testcase.testcase21                      - 6: println(title)
My Dashboard | TrilaSoft
2025-12-02 11:31:13.203 DEBUG testcase.testcase21                      - 7: assert title == "My Dashboard | TrilaSoft"
2025-12-02 11:31:13.203 DEBUG testcase.testcase21                      - 8: closeBrowser()
2025-12-02 11:31:13.368 INFO  c.k.katalon.core.main.TestCaseExecutor   - END Test Cases/HRIS/SignIn/testcase22
2025-12-02 11:31:13.371 INFO  c.k.katalon.core.main.TestCaseExecutor   - --------------------
2025-12-02 11:31:13.372 INFO  c.k.katalon.core.main.TestCaseExecutor   - START Test Cases/HRIS/SignIn/testcase23
2025-12-02 11:31:13.380 DEBUG testcase.testcase21                      - 1: openBrowser("https://qahris.trilasoft.com/")
2025-12-02 11:31:13.383 INFO  c.k.k.core.webui.driver.DriverFactory    - Starting 'Chrome' driver
2025-12-02 11:31:13.384 INFO  c.k.k.core.webui.driver.DriverFactory    - Action delay is set to 0 milliseconds
Dec 02, 2025 11:31:14 AM org.openqa.selenium.devtools.CdpVersionFinder findNearestMatch
WARNING: Unable to find an exact match for CDP version 142, returning the closest version; found: 138; Please update to a Selenium version that supports CDP version 142
2025-12-02 11:31:14.148 INFO  c.k.k.core.webui.driver.DriverFactory    - sessionId = 96a356d3e09a2111a526b1783b70adf2
2025-12-02 11:31:14.149 INFO  c.k.k.core.webui.driver.DriverFactory    - browser = Chrome 142.0.7444.176
2025-12-02 11:31:14.149 INFO  c.k.k.core.webui.driver.DriverFactory    - platform = Windows 11
2025-12-02 11:31:14.149 INFO  c.k.k.core.webui.driver.DriverFactory    - seleniumVersion = 4.28.1
2025-12-02 11:31:14.150 INFO  c.k.k.core.webui.driver.DriverFactory    - proxyInformation = ProxyInformation { proxyOption=NO_PROXY, proxyServerType=HTTP, username=, password=********, proxyServerAddress=, proxyServerPort=0, executionList="", isApplyToDesiredCapabilities=true }
2025-12-02 11:31:14.962 DEBUG testcase.testcase21                      - 2: setText(findTestObject("Object Repository/HRIS/Page_Login  TrilaSoft/input_Remember Me_email"), username)
2025-12-02 11:31:15.839 DEBUG testcase.testcase21                      - 3: setEncryptedText(findTestObject("Object Repository/HRIS/Page_Login  TrilaSoft/input_Remember Me_password"), password)
2025-12-02 11:31:16.196 DEBUG testcase.testcase21                      - 4: click(findTestObject("Object Repository/HRIS/Page_Login  TrilaSoft/button_Remember Me_btn btn-primary"))
2025-12-02 11:31:20.044 DEBUG testcase.testcase21                      - 5: title = getWindowTitle()
2025-12-02 11:31:20.059 DEBUG testcase.testcase21                      - 6: println(title)
My Dashboard | TrilaSoft
2025-12-02 11:31:20.060 DEBUG testcase.testcase21                      - 7: assert title == "My Dashboard | TrilaSoft"
2025-12-02 11:31:20.061 DEBUG testcase.testcase21                      - 8: closeBrowser()
2025-12-02 11:31:20.212 INFO  c.k.katalon.core.main.TestCaseExecutor   - END Test Cases/HRIS/SignIn/testcase23
2025-12-02 11:31:20.219 INFO  c.k.katalon.core.main.TestCaseExecutor   - --------------------
2025-12-02 11:31:20.220 INFO  c.k.katalon.core.main.TestCaseExecutor   - START Test Cases/HRIS/SignIn/testcase25
2025-12-02 11:31:20.230 DEBUG testcase.testcase21                      - 1: openBrowser("https://qahris.trilasoft.com/")
2025-12-02 11:31:20.232 INFO  c.k.k.core.webui.driver.DriverFactory    - Starting 'Chrome' driver
2025-12-02 11:31:20.233 INFO  c.k.k.core.webui.driver.DriverFactory    - Action delay is set to 0 milliseconds
Dec 02, 2025 11:31:20 AM org.openqa.selenium.devtools.CdpVersionFinder findNearestMatch
WARNING: Unable to find an exact match for CDP version 142, returning the closest version; found: 138; Please update to a Selenium version that supports CDP version 142
2025-12-02 11:31:20.996 INFO  c.k.k.core.webui.driver.DriverFactory    - sessionId = c3a98a94021337c5c4faa6305292ab60
2025-12-02 11:31:20.997 INFO  c.k.k.core.webui.driver.DriverFactory    - browser = Chrome 142.0.7444.176
2025-12-02 11:31:20.997 INFO  c.k.k.core.webui.driver.DriverFactory    - platform = Windows 11
2025-12-02 11:31:20.997 INFO  c.k.k.core.webui.driver.DriverFactory    - seleniumVersion = 4.28.1
2025-12-02 11:31:20.998 INFO  c.k.k.core.webui.driver.DriverFactory    - proxyInformation = ProxyInformation { proxyOption=NO_PROXY, proxyServerType=HTTP, username=, password=********, proxyServerAddress=, proxyServerPort=0, executionList="", isApplyToDesiredCapabilities=true }
2025-12-02 11:31:21.950 DEBUG testcase.testcase21                      - 2: setText(findTestObject("Object Repository/HRIS/Page_Login  TrilaSoft/input_Remember Me_email"), username)
2025-12-02 11:31:22.845 DEBUG testcase.testcase21                      - 3: setEncryptedText(findTestObject("Object Repository/HRIS/Page_Login  TrilaSoft/input_Remember Me_password"), password)
2025-12-02 11:31:23.184 DEBUG testcase.testcase21                      - 4: click(findTestObject("Object Repository/HRIS/Page_Login  TrilaSoft/button_Remember Me_btn btn-primary"))
2025-12-02 11:31:26.646 DEBUG testcase.testcase21                      - 5: title = getWindowTitle()
2025-12-02 11:31:26.658 DEBUG testcase.testcase21                      - 6: println(title)
My Dashboard | TrilaSoft
2025-12-02 11:31:26.659 DEBUG testcase.testcase21                      - 7: assert title == "My Dashboard | TrilaSoft"
2025-12-02 11:31:26.660 DEBUG testcase.testcase21                      - 8: closeBrowser()
2025-12-02 11:31:26.844 INFO  c.k.katalon.core.main.TestCaseExecutor   - END Test Cases/HRIS/SignIn/testcase25
2025-12-02 11:31:26.847 INFO  c.k.katalon.core.main.TestCaseExecutor   - --------------------
2025-12-02 11:31:26.848 INFO  c.k.katalon.core.main.TestCaseExecutor   - START Test Cases/HRIS/SignIn/testcase24
2025-12-02 11:31:26.858 DEBUG testcase.testcase21                      - 1: openBrowser("https://qahris.trilasoft.com/")
2025-12-02 11:31:26.860 INFO  c.k.k.core.webui.driver.DriverFactory    - Starting 'Chrome' driver
2025-12-02 11:31:26.861 INFO  c.k.k.core.webui.driver.DriverFactory    - Action delay is set to 0 milliseconds
Dec 02, 2025 11:31:27 AM org.openqa.selenium.devtools.CdpVersionFinder findNearestMatch
WARNING: Unable to find an exact match for CDP version 142, returning the closest version; found: 138; Please update to a Selenium version that supports CDP version 142
2025-12-02 11:31:27.636 INFO  c.k.k.core.webui.driver.DriverFactory    - sessionId = b85a915f936d0ac3473ef64190e85423
2025-12-02 11:31:27.636 INFO  c.k.k.core.webui.driver.DriverFactory    - browser = Chrome 142.0.7444.176
2025-12-02 11:31:27.636 INFO  c.k.k.core.webui.driver.DriverFactory    - platform = Windows 11
2025-12-02 11:31:27.636 INFO  c.k.k.core.webui.driver.DriverFactory    - seleniumVersion = 4.28.1
2025-12-02 11:31:27.637 INFO  c.k.k.core.webui.driver.DriverFactory    - proxyInformation = ProxyInformation { proxyOption=NO_PROXY, proxyServerType=HTTP, username=, password=********, proxyServerAddress=, proxyServerPort=0, executionList="", isApplyToDesiredCapabilities=true }
2025-12-02 11:31:28.102 DEBUG testcase.testcase21                      - 2: setText(findTestObject("Object Repository/HRIS/Page_Login  TrilaSoft/input_Remember Me_email"), username)
2025-12-02 11:31:28.952 DEBUG testcase.testcase21                      - 3: setEncryptedText(findTestObject("Object Repository/HRIS/Page_Login  TrilaSoft/input_Remember Me_password"), password)
2025-12-02 11:31:29.282 DEBUG testcase.testcase21                      - 4: click(findTestObject("Object Repository/HRIS/Page_Login  TrilaSoft/button_Remember Me_btn btn-primary"))
2025-12-02 11:31:32.903 DEBUG testcase.testcase21                      - 5: title = getWindowTitle()
2025-12-02 11:31:32.918 DEBUG testcase.testcase21                      - 6: println(title)
My Dashboard | TrilaSoft
2025-12-02 11:31:32.919 DEBUG testcase.testcase21                      - 7: assert title == "My Dashboard | TrilaSoft"
2025-12-02 11:31:32.920 DEBUG testcase.testcase21                      - 8: closeBrowser()
2025-12-02 11:31:33.056 INFO  c.k.katalon.core.main.TestCaseExecutor   - END Test Cases/HRIS/SignIn/testcase24
2025-12-02 11:31:33.083 INFO  c.k.katalon.core.main.TestSuiteExecutor  - --------------------
2025-12-02 11:31:33.083 INFO  c.k.katalon.core.main.TestSuiteExecutor  - END Test Suites/TS_05
2025-12-02 11:31:33.083 INFO  c.k.katalon.core.main.TestSuiteExecutor  - ====================
