2025-12-21 12:59:46.673 INFO  c.k.k.c.l.logback.LogbackConfigurator    - Logback default configuration initialized from: C:\Users\Shashi Prasanjit\.katalon\packages\KSE-10.4.0\configuration\org.eclipse.osgi\131\0\.cp\resources\logback\logback-execution.xml
2025-12-21 12:59:46.678 INFO  c.k.k.c.l.logback.LogbackConfigurator    - Logback custom configuration initialized from: C:\githubproject\gocopious\HRIS\Include\config\log.properties
2025-12-21 12:59:46.904 INFO  c.k.katalon.core.main.TestSuiteExecutor  - START Test Suites/dashboard
2025-12-21 12:59:47.168 INFO  c.k.katalon.core.main.TestSuiteExecutor  - userFullName = Shashi Prakash
2025-12-21 12:59:47.171 INFO  c.k.katalon.core.main.TestSuiteExecutor  - projectName = HRIS
2025-12-21 12:59:47.172 INFO  c.k.katalon.core.main.TestSuiteExecutor  - hostName = Shashi Prasanjit - Shashi
2025-12-21 12:59:47.176 INFO  c.k.katalon.core.main.TestSuiteExecutor  - os = Windows 11 64bit
2025-12-21 12:59:47.177 INFO  c.k.katalon.core.main.TestSuiteExecutor  - hostAddress = 192.168.1.4
2025-12-21 12:59:47.181 INFO  c.k.katalon.core.main.TestSuiteExecutor  - katalonVersion = 10.4.0.0
2025-12-21 12:59:48.217 INFO  c.k.katalon.core.main.TestCaseExecutor   - --------------------
2025-12-21 12:59:48.217 INFO  c.k.katalon.core.main.TestCaseExecutor   - START Test Cases/HRIS/dashboard/mydashboard
2025-12-21 12:59:49.067 DEBUG testcase.mydashboard                     - 1: openBrowser("https://qahris.trilasoft.com/")
2025-12-21 12:59:49.531 INFO  c.k.k.core.webui.driver.DriverFactory    - Starting 'Chrome' driver
2025-12-21 12:59:49.663 INFO  c.k.k.core.webui.driver.DriverFactory    - Action delay is set to 0 milliseconds
Dec 21, 2025 12:59:51 PM org.openqa.selenium.devtools.CdpVersionFinder findNearestMatch
WARNING: Unable to find CDP implementation matching 143
Dec 21, 2025 12:59:51 PM org.openqa.selenium.chromium.ChromiumDriver lambda$new$4
WARNING: Unable to find version of CDP to use for 143.0.7499.147. You may need to include a dependency on a specific version of the CDP using something similar to `org.seleniumhq.selenium:selenium-devtools-v86:4.28.1` where the version ("v86") matches the version of the chromium-based browser you're using and the version number of the artifact is the same as Selenium's.
2025-12-21 12:59:52.839 INFO  c.k.k.core.webui.driver.DriverFactory    - sessionId = c16ac7c62c17b8d570c468d2552aa9c0
2025-12-21 12:59:52.843 INFO  c.k.k.core.webui.driver.DriverFactory    - browser = Chrome 143.0.7499.147
2025-12-21 12:59:52.845 INFO  c.k.k.core.webui.driver.DriverFactory    - platform = Windows 11
2025-12-21 12:59:52.847 INFO  c.k.k.core.webui.driver.DriverFactory    - seleniumVersion = 4.28.1
2025-12-21 12:59:52.885 INFO  c.k.k.core.webui.driver.DriverFactory    - proxyInformation = ProxyInformation { proxyOption=NO_PROXY, proxyServerType=HTTP, username=, password=********, proxyServerAddress=, proxyServerPort=0, executionList="", isApplyToDesiredCapabilities=true }
2025-12-21 12:59:56.919 DEBUG testcase.mydashboard                     - 2: setText(findTestObject("Object Repository/HRIS/Page_Login  TrilaSoft/input_Remember Me_email"), username)
2025-12-21 12:59:59.886 DEBUG testcase.mydashboard                     - 3: setEncryptedText(findTestObject("Object Repository/HRIS/Page_Login  TrilaSoft/input_Remember Me_password"), password)
2025-12-21 13:00:01.034 DEBUG testcase.mydashboard                     - 4: click(findTestObject("Object Repository/HRIS/Page_Login  TrilaSoft/button_Remember Me_btn btn-primary"))
2025-12-21 13:00:07.211 DEBUG testcase.mydashboard                     - 5: click(findTestObject("Object Repository/HRIS/dashboard_menu/Page_My Dashboard  TrilaSoft/a"))
2025-12-21 13:00:09.689 DEBUG testcase.mydashboard                     - 6: title = getText(findTestObject("Object Repository/HRIS/Page_My Dashboard  TrilaSoft/h3"))
2025-12-21 13:00:10.213 DEBUG testcase.mydashboard                     - 7: println(title)
Monika Nigam (TS/0128)
2025-12-21 13:00:10.228 DEBUG testcase.mydashboard                     - 8: assert title == "Monika Nigam (TS/0128)"
2025-12-21 13:00:10.241 DEBUG testcase.mydashboard                     - 9: closeBrowser()
2025-12-21 13:00:10.607 INFO  c.k.katalon.core.main.TestCaseExecutor   - END Test Cases/HRIS/dashboard/mydashboard
2025-12-21 13:00:10.688 INFO  c.k.katalon.core.main.TestCaseExecutor   - --------------------
2025-12-21 13:00:10.689 INFO  c.k.katalon.core.main.TestCaseExecutor   - START Test Cases/HRIS/dashboard/mydocuments
2025-12-21 13:00:10.872 DEBUG testcase.mydocuments                     - 1: openBrowser("https://qahris.trilasoft.com/")
2025-12-21 13:00:10.877 INFO  c.k.k.core.webui.driver.DriverFactory    - Starting 'Chrome' driver
2025-12-21 13:00:10.880 INFO  c.k.k.core.webui.driver.DriverFactory    - Action delay is set to 0 milliseconds
Dec 21, 2025 1:00:11 PM org.openqa.selenium.devtools.CdpVersionFinder findNearestMatch
WARNING: Unable to find CDP implementation matching 143
Dec 21, 2025 1:00:11 PM org.openqa.selenium.chromium.ChromiumDriver lambda$new$4
WARNING: Unable to find version of CDP to use for 143.0.7499.147. You may need to include a dependency on a specific version of the CDP using something similar to `org.seleniumhq.selenium:selenium-devtools-v86:4.28.1` where the version ("v86") matches the version of the chromium-based browser you're using and the version number of the artifact is the same as Selenium's.
2025-12-21 13:00:12.137 INFO  c.k.k.core.webui.driver.DriverFactory    - sessionId = c7704350a66e746c91134a73f675be16
2025-12-21 13:00:12.138 INFO  c.k.k.core.webui.driver.DriverFactory    - browser = Chrome 143.0.7499.147
2025-12-21 13:00:12.139 INFO  c.k.k.core.webui.driver.DriverFactory    - platform = Windows 11
2025-12-21 13:00:12.140 INFO  c.k.k.core.webui.driver.DriverFactory    - seleniumVersion = 4.28.1
2025-12-21 13:00:12.141 INFO  c.k.k.core.webui.driver.DriverFactory    - proxyInformation = ProxyInformation { proxyOption=NO_PROXY, proxyServerType=HTTP, username=, password=********, proxyServerAddress=, proxyServerPort=0, executionList="", isApplyToDesiredCapabilities=true }
2025-12-21 13:00:13.384 DEBUG testcase.mydocuments                     - 2: setText(findTestObject("Object Repository/HRIS/Page_Login  TrilaSoft/input_Remember Me_email"), username)
2025-12-21 13:00:15.272 DEBUG testcase.mydocuments                     - 3: setEncryptedText(findTestObject("Object Repository/HRIS/Page_Login  TrilaSoft/input_Remember Me_password"), password)
2025-12-21 13:00:16.406 DEBUG testcase.mydocuments                     - 4: click(findTestObject("Object Repository/HRIS/Page_Login  TrilaSoft/button_Remember Me_btn btn-primary"))
2025-12-21 13:00:21.379 DEBUG testcase.mydocuments                     - 5: click(findTestObject("Object Repository/HRIS/dashboard_menu/Page_My Dashboard  TrilaSoft/a_1"))
2025-12-21 13:00:23.080 DEBUG testcase.mydocuments                     - 6: title = getText(findTestObject("Object Repository/HRIS/Page_Documents  TrilaSoft/h3"))
2025-12-21 13:00:23.719 DEBUG testcase.mydocuments                     - 7: println(title)
Documents
2025-12-21 13:00:23.728 DEBUG testcase.mydocuments                     - 8: assert title == "Documents"
2025-12-21 13:00:23.733 DEBUG testcase.mydocuments                     - 9: closeBrowser()
2025-12-21 13:00:24.057 INFO  c.k.katalon.core.main.TestCaseExecutor   - END Test Cases/HRIS/dashboard/mydocuments
2025-12-21 13:00:24.150 INFO  c.k.katalon.core.main.TestSuiteExecutor  - --------------------
2025-12-21 13:00:24.150 INFO  c.k.katalon.core.main.TestSuiteExecutor  - END Test Suites/dashboard
2025-12-21 13:00:24.151 INFO  c.k.katalon.core.main.TestSuiteExecutor  - ====================
