2025-12-02 11:18:08.218 INFO  c.k.k.c.l.logback.LogbackConfigurator    - Logback default configuration initialized from: C:\Users\Shashi Prasanjit\.katalon\packages\KSE-10.4.0\configuration\org.eclipse.osgi\131\0\.cp\resources\logback\logback-execution.xml
2025-12-02 11:18:08.221 INFO  c.k.k.c.l.logback.LogbackConfigurator    - Logback custom configuration initialized from: C:\Users\Shashi Prasanjit\Katalon Studio\HRIS\Include\config\log.properties
2025-12-02 11:18:08.330 INFO  c.k.katalon.core.main.TestSuiteExecutor  - START Test Suites/TS_03
2025-12-02 11:18:08.433 INFO  c.k.katalon.core.main.TestSuiteExecutor  - userFullName = Shashi Prakash
2025-12-02 11:18:08.435 INFO  c.k.katalon.core.main.TestSuiteExecutor  - projectName = HRIS
2025-12-02 11:18:08.435 INFO  c.k.katalon.core.main.TestSuiteExecutor  - hostName = Shashi Prasanjit - 192.168.1.3
2025-12-02 11:18:08.435 INFO  c.k.katalon.core.main.TestSuiteExecutor  - os = Windows 11 64bit
2025-12-02 11:18:08.436 INFO  c.k.katalon.core.main.TestSuiteExecutor  - hostAddress = 192.168.1.3
2025-12-02 11:18:08.437 INFO  c.k.katalon.core.main.TestSuiteExecutor  - katalonVersion = 10.4.0.0
2025-12-02 11:18:08.987 INFO  c.k.katalon.core.main.TestCaseExecutor   - --------------------
2025-12-02 11:18:08.987 INFO  c.k.katalon.core.main.TestCaseExecutor   - START Test Cases/HRIS/SignIn/testcase11
2025-12-02 11:18:09.309 DEBUG testcase.testcase11                      - 1: openBrowser("https://qahris.trilasoft.com/")
2025-12-02 11:18:09.513 INFO  c.k.k.core.webui.driver.DriverFactory    - Starting 'Chrome' driver
2025-12-02 11:18:09.561 INFO  c.k.k.core.webui.driver.DriverFactory    - Action delay is set to 0 milliseconds
Dec 02, 2025 11:18:10 AM org.openqa.selenium.devtools.CdpVersionFinder findNearestMatch
WARNING: Unable to find an exact match for CDP version 142, returning the closest version; found: 138; Please update to a Selenium version that supports CDP version 142
2025-12-02 11:18:11.028 INFO  c.k.k.core.webui.driver.DriverFactory    - sessionId = 284a7af226c33953a1bf358b056e890f
2025-12-02 11:18:11.029 INFO  c.k.k.core.webui.driver.DriverFactory    - browser = Chrome 142.0.7444.176
2025-12-02 11:18:11.030 INFO  c.k.k.core.webui.driver.DriverFactory    - platform = Windows 11
2025-12-02 11:18:11.031 INFO  c.k.k.core.webui.driver.DriverFactory    - seleniumVersion = 4.28.1
2025-12-02 11:18:11.043 INFO  c.k.k.core.webui.driver.DriverFactory    - proxyInformation = ProxyInformation { proxyOption=NO_PROXY, proxyServerType=HTTP, username=, password=********, proxyServerAddress=, proxyServerPort=0, executionList="", isApplyToDesiredCapabilities=true }
2025-12-02 11:18:11.593 DEBUG testcase.testcase11                      - 2: setText(findTestObject("Object Repository/HRIS/Page_Login  TrilaSoft/input_Remember Me_email"), username)
2025-12-02 11:18:12.447 DEBUG testcase.testcase11                      - 3: setEncryptedText(findTestObject("Object Repository/HRIS/Page_Login  TrilaSoft/input_Remember Me_password"), password)
2025-12-02 11:18:12.851 DEBUG testcase.testcase11                      - 4: click(findTestObject("Object Repository/HRIS/Page_Login  TrilaSoft/button_Remember Me_btn btn-primary"))
2025-12-02 11:18:16.311 DEBUG testcase.testcase11                      - 5: title = getWindowTitle()
2025-12-02 11:18:16.330 DEBUG testcase.testcase11                      - 6: println(title)
My Dashboard | TrilaSoft
2025-12-02 11:18:16.338 DEBUG testcase.testcase11                      - 7: assert title == "My Dashboard | TrilaSoft"
2025-12-02 11:18:16.342 DEBUG testcase.testcase11                      - 8: closeBrowser()
2025-12-02 11:18:16.541 INFO  c.k.katalon.core.main.TestCaseExecutor   - END Test Cases/HRIS/SignIn/testcase11
2025-12-02 11:18:16.566 INFO  c.k.katalon.core.main.TestCaseExecutor   - --------------------
2025-12-02 11:18:16.566 INFO  c.k.katalon.core.main.TestCaseExecutor   - START Test Cases/HRIS/SignIn/testcase12
2025-12-02 11:18:16.617 DEBUG testcase.testcase12                      - 1: openBrowser("https://qahris.trilasoft.com/")
2025-12-02 11:18:16.620 INFO  c.k.k.core.webui.driver.DriverFactory    - Starting 'Chrome' driver
2025-12-02 11:18:16.622 INFO  c.k.k.core.webui.driver.DriverFactory    - Action delay is set to 0 milliseconds
Dec 02, 2025 11:18:17 AM org.openqa.selenium.devtools.CdpVersionFinder findNearestMatch
WARNING: Unable to find an exact match for CDP version 142, returning the closest version; found: 138; Please update to a Selenium version that supports CDP version 142
2025-12-02 11:18:17.375 INFO  c.k.k.core.webui.driver.DriverFactory    - sessionId = aa6b2959878678dd06e5b90d61e7ec68
2025-12-02 11:18:17.376 INFO  c.k.k.core.webui.driver.DriverFactory    - browser = Chrome 142.0.7444.176
2025-12-02 11:18:17.376 INFO  c.k.k.core.webui.driver.DriverFactory    - platform = Windows 11
2025-12-02 11:18:17.376 INFO  c.k.k.core.webui.driver.DriverFactory    - seleniumVersion = 4.28.1
2025-12-02 11:18:17.377 INFO  c.k.k.core.webui.driver.DriverFactory    - proxyInformation = ProxyInformation { proxyOption=NO_PROXY, proxyServerType=HTTP, username=, password=********, proxyServerAddress=, proxyServerPort=0, executionList="", isApplyToDesiredCapabilities=true }
2025-12-02 11:18:17.898 DEBUG testcase.testcase12                      - 2: setText(findTestObject("Object Repository/HRIS/Page_Login  TrilaSoft/input_Remember Me_email"), username)
2025-12-02 11:18:18.733 DEBUG testcase.testcase12                      - 3: setEncryptedText(findTestObject("Object Repository/HRIS/Page_Login  TrilaSoft/input_Remember Me_password"), password)
2025-12-02 11:18:19.145 DEBUG testcase.testcase12                      - 4: click(findTestObject("Object Repository/HRIS/Page_Login  TrilaSoft/button_Remember Me_btn btn-primary"))
2025-12-02 11:18:22.479 DEBUG testcase.testcase12                      - 5: title = getWindowTitle()
2025-12-02 11:18:22.495 DEBUG testcase.testcase12                      - 6: println(title)
My Dashboard | TrilaSoft
2025-12-02 11:18:22.497 DEBUG testcase.testcase12                      - 7: assert title == "My Dashboard | TrilaSoft"
2025-12-02 11:18:22.500 DEBUG testcase.testcase12                      - 8: closeBrowser()
2025-12-02 11:18:22.662 INFO  c.k.katalon.core.main.TestCaseExecutor   - END Test Cases/HRIS/SignIn/testcase12
2025-12-02 11:18:22.683 INFO  c.k.katalon.core.main.TestCaseExecutor   - --------------------
2025-12-02 11:18:22.683 INFO  c.k.katalon.core.main.TestCaseExecutor   - START Test Cases/HRIS/SignIn/testcase13
2025-12-02 11:18:22.692 DEBUG testcase.testcase11                      - 1: openBrowser("https://qahris.trilasoft.com/")
2025-12-02 11:18:22.694 INFO  c.k.k.core.webui.driver.DriverFactory    - Starting 'Chrome' driver
2025-12-02 11:18:22.695 INFO  c.k.k.core.webui.driver.DriverFactory    - Action delay is set to 0 milliseconds
Dec 02, 2025 11:18:23 AM org.openqa.selenium.devtools.CdpVersionFinder findNearestMatch
WARNING: Unable to find an exact match for CDP version 142, returning the closest version; found: 138; Please update to a Selenium version that supports CDP version 142
2025-12-02 11:18:23.470 INFO  c.k.k.core.webui.driver.DriverFactory    - sessionId = 2194fc92f1fc8296a51bda9ad4a89a20
2025-12-02 11:18:23.470 INFO  c.k.k.core.webui.driver.DriverFactory    - browser = Chrome 142.0.7444.176
2025-12-02 11:18:23.472 INFO  c.k.k.core.webui.driver.DriverFactory    - platform = Windows 11
2025-12-02 11:18:23.473 INFO  c.k.k.core.webui.driver.DriverFactory    - seleniumVersion = 4.28.1
2025-12-02 11:18:23.473 INFO  c.k.k.core.webui.driver.DriverFactory    - proxyInformation = ProxyInformation { proxyOption=NO_PROXY, proxyServerType=HTTP, username=, password=********, proxyServerAddress=, proxyServerPort=0, executionList="", isApplyToDesiredCapabilities=true }
2025-12-02 11:18:24.011 DEBUG testcase.testcase11                      - 2: setText(findTestObject("Object Repository/HRIS/Page_Login  TrilaSoft/input_Remember Me_email"), username)
2025-12-02 11:18:24.835 DEBUG testcase.testcase11                      - 3: setEncryptedText(findTestObject("Object Repository/HRIS/Page_Login  TrilaSoft/input_Remember Me_password"), password)
2025-12-02 11:18:25.178 DEBUG testcase.testcase11                      - 4: click(findTestObject("Object Repository/HRIS/Page_Login  TrilaSoft/button_Remember Me_btn btn-primary"))
2025-12-02 11:18:28.718 DEBUG testcase.testcase11                      - 5: title = getWindowTitle()
2025-12-02 11:18:28.736 DEBUG testcase.testcase11                      - 6: println(title)
My Dashboard | TrilaSoft
2025-12-02 11:18:28.738 DEBUG testcase.testcase11                      - 7: assert title == "My Dashboard | TrilaSoft"
2025-12-02 11:18:28.739 DEBUG testcase.testcase11                      - 8: closeBrowser()
2025-12-02 11:18:28.911 INFO  c.k.katalon.core.main.TestCaseExecutor   - END Test Cases/HRIS/SignIn/testcase13
2025-12-02 11:18:28.929 INFO  c.k.katalon.core.main.TestCaseExecutor   - --------------------
2025-12-02 11:18:28.929 INFO  c.k.katalon.core.main.TestCaseExecutor   - START Test Cases/HRIS/SignIn/testcase14
2025-12-02 11:18:28.935 DEBUG testcase.testcase12                      - 1: openBrowser("https://qahris.trilasoft.com/")
2025-12-02 11:18:28.939 INFO  c.k.k.core.webui.driver.DriverFactory    - Starting 'Chrome' driver
2025-12-02 11:18:28.940 INFO  c.k.k.core.webui.driver.DriverFactory    - Action delay is set to 0 milliseconds
Dec 02, 2025 11:18:29 AM org.openqa.selenium.devtools.CdpVersionFinder findNearestMatch
WARNING: Unable to find an exact match for CDP version 142, returning the closest version; found: 138; Please update to a Selenium version that supports CDP version 142
2025-12-02 11:18:29.681 INFO  c.k.k.core.webui.driver.DriverFactory    - sessionId = 4e5b02256245a4e51552bd0dc97db694
2025-12-02 11:18:29.682 INFO  c.k.k.core.webui.driver.DriverFactory    - browser = Chrome 142.0.7444.176
2025-12-02 11:18:29.682 INFO  c.k.k.core.webui.driver.DriverFactory    - platform = Windows 11
2025-12-02 11:18:29.682 INFO  c.k.k.core.webui.driver.DriverFactory    - seleniumVersion = 4.28.1
2025-12-02 11:18:29.682 INFO  c.k.k.core.webui.driver.DriverFactory    - proxyInformation = ProxyInformation { proxyOption=NO_PROXY, proxyServerType=HTTP, username=, password=********, proxyServerAddress=, proxyServerPort=0, executionList="", isApplyToDesiredCapabilities=true }
2025-12-02 11:18:30.189 DEBUG testcase.testcase12                      - 2: setText(findTestObject("Object Repository/HRIS/Page_Login  TrilaSoft/input_Remember Me_email"), username)
2025-12-02 11:18:31.047 DEBUG testcase.testcase12                      - 3: setEncryptedText(findTestObject("Object Repository/HRIS/Page_Login  TrilaSoft/input_Remember Me_password"), password)
2025-12-02 11:18:31.401 DEBUG testcase.testcase12                      - 4: click(findTestObject("Object Repository/HRIS/Page_Login  TrilaSoft/button_Remember Me_btn btn-primary"))
2025-12-02 11:18:34.424 DEBUG testcase.testcase12                      - 5: title = getWindowTitle()
2025-12-02 11:18:34.444 DEBUG testcase.testcase12                      - 6: println(title)
My Dashboard | TrilaSoft
2025-12-02 11:18:34.445 DEBUG testcase.testcase12                      - 7: assert title == "My Dashboard | TrilaSoft"
2025-12-02 11:18:34.447 DEBUG testcase.testcase12                      - 8: closeBrowser()
2025-12-02 11:18:34.592 INFO  c.k.katalon.core.main.TestCaseExecutor   - END Test Cases/HRIS/SignIn/testcase14
2025-12-02 11:18:34.612 INFO  c.k.katalon.core.main.TestCaseExecutor   - --------------------
2025-12-02 11:18:34.612 INFO  c.k.katalon.core.main.TestCaseExecutor   - START Test Cases/HRIS/SignIn/testcase15
2025-12-02 11:18:34.620 DEBUG testcase.testcase12                      - 1: openBrowser("https://qahris.trilasoft.com/")
2025-12-02 11:18:34.624 INFO  c.k.k.core.webui.driver.DriverFactory    - Starting 'Chrome' driver
2025-12-02 11:18:34.624 INFO  c.k.k.core.webui.driver.DriverFactory    - Action delay is set to 0 milliseconds
Dec 02, 2025 11:18:35 AM org.openqa.selenium.devtools.CdpVersionFinder findNearestMatch
WARNING: Unable to find an exact match for CDP version 142, returning the closest version; found: 138; Please update to a Selenium version that supports CDP version 142
2025-12-02 11:18:35.379 INFO  c.k.k.core.webui.driver.DriverFactory    - sessionId = a6a044f00510a632866287334b275596
2025-12-02 11:18:35.381 INFO  c.k.k.core.webui.driver.DriverFactory    - browser = Chrome 142.0.7444.176
2025-12-02 11:18:35.381 INFO  c.k.k.core.webui.driver.DriverFactory    - platform = Windows 11
2025-12-02 11:18:35.381 INFO  c.k.k.core.webui.driver.DriverFactory    - seleniumVersion = 4.28.1
2025-12-02 11:18:35.382 INFO  c.k.k.core.webui.driver.DriverFactory    - proxyInformation = ProxyInformation { proxyOption=NO_PROXY, proxyServerType=HTTP, username=, password=********, proxyServerAddress=, proxyServerPort=0, executionList="", isApplyToDesiredCapabilities=true }
2025-12-02 11:18:35.843 DEBUG testcase.testcase12                      - 2: setText(findTestObject("Object Repository/HRIS/Page_Login  TrilaSoft/input_Remember Me_email"), username)
2025-12-02 11:18:36.680 DEBUG testcase.testcase12                      - 3: setEncryptedText(findTestObject("Object Repository/HRIS/Page_Login  TrilaSoft/input_Remember Me_password"), password)
2025-12-02 11:18:37.002 DEBUG testcase.testcase12                      - 4: click(findTestObject("Object Repository/HRIS/Page_Login  TrilaSoft/button_Remember Me_btn btn-primary"))
2025-12-02 11:18:40.331 DEBUG testcase.testcase12                      - 5: title = getWindowTitle()
2025-12-02 11:18:40.346 DEBUG testcase.testcase12                      - 6: println(title)
My Dashboard | TrilaSoft
2025-12-02 11:18:40.346 DEBUG testcase.testcase12                      - 7: assert title == "My Dashboard | TrilaSoft"
2025-12-02 11:18:40.347 DEBUG testcase.testcase12                      - 8: closeBrowser()
2025-12-02 11:18:40.506 INFO  c.k.katalon.core.main.TestCaseExecutor   - END Test Cases/HRIS/SignIn/testcase15
2025-12-02 11:18:40.541 INFO  c.k.katalon.core.main.TestSuiteExecutor  - --------------------
2025-12-02 11:18:40.541 INFO  c.k.katalon.core.main.TestSuiteExecutor  - END Test Suites/TS_03
2025-12-02 11:18:40.541 INFO  c.k.katalon.core.main.TestSuiteExecutor  - ====================
