2025-12-02 11:17:21.015 INFO  c.k.k.c.l.logback.LogbackConfigurator    - Logback default configuration initialized from: C:\Users\Shashi Prasanjit\.katalon\packages\KSE-10.4.0\configuration\org.eclipse.osgi\131\0\.cp\resources\logback\logback-execution.xml
2025-12-02 11:17:21.019 INFO  c.k.k.c.l.logback.LogbackConfigurator    - Logback custom configuration initialized from: C:\Users\Shashi Prasanjit\Katalon Studio\HRIS\Include\config\log.properties
2025-12-02 11:17:21.132 INFO  c.k.katalon.core.main.TestSuiteExecutor  - START Test Suites/TS_02
2025-12-02 11:17:21.265 INFO  c.k.katalon.core.main.TestSuiteExecutor  - userFullName = Shashi Prakash
2025-12-02 11:17:21.266 INFO  c.k.katalon.core.main.TestSuiteExecutor  - projectName = HRIS
2025-12-02 11:17:21.267 INFO  c.k.katalon.core.main.TestSuiteExecutor  - hostName = Shashi Prasanjit - 192.168.1.3
2025-12-02 11:17:21.267 INFO  c.k.katalon.core.main.TestSuiteExecutor  - os = Windows 11 64bit
2025-12-02 11:17:21.268 INFO  c.k.katalon.core.main.TestSuiteExecutor  - hostAddress = 192.168.1.3
2025-12-02 11:17:21.268 INFO  c.k.katalon.core.main.TestSuiteExecutor  - katalonVersion = 10.4.0.0
2025-12-02 11:17:21.792 INFO  c.k.katalon.core.main.TestCaseExecutor   - --------------------
2025-12-02 11:17:21.792 INFO  c.k.katalon.core.main.TestCaseExecutor   - START Test Cases/HRIS/SignIn/testcase6
2025-12-02 11:17:22.135 DEBUG testcase.testcase6                       - 1: openBrowser("https://qahris.trilasoft.com/")
2025-12-02 11:17:22.391 INFO  c.k.k.core.webui.driver.DriverFactory    - Starting 'Chrome' driver
2025-12-02 11:17:22.455 INFO  c.k.k.core.webui.driver.DriverFactory    - Action delay is set to 0 milliseconds
Dec 02, 2025 11:17:23 AM org.openqa.selenium.devtools.CdpVersionFinder findNearestMatch
WARNING: Unable to find an exact match for CDP version 142, returning the closest version; found: 138; Please update to a Selenium version that supports CDP version 142
2025-12-02 11:17:23.990 INFO  c.k.k.core.webui.driver.DriverFactory    - sessionId = 39c5a44187367fdf8bedfd9e058070e2
2025-12-02 11:17:23.991 INFO  c.k.k.core.webui.driver.DriverFactory    - browser = Chrome 142.0.7444.176
2025-12-02 11:17:23.991 INFO  c.k.k.core.webui.driver.DriverFactory    - platform = Windows 11
2025-12-02 11:17:23.992 INFO  c.k.k.core.webui.driver.DriverFactory    - seleniumVersion = 4.28.1
2025-12-02 11:17:24.001 INFO  c.k.k.core.webui.driver.DriverFactory    - proxyInformation = ProxyInformation { proxyOption=NO_PROXY, proxyServerType=HTTP, username=, password=********, proxyServerAddress=, proxyServerPort=0, executionList="", isApplyToDesiredCapabilities=true }
2025-12-02 11:17:24.617 DEBUG testcase.testcase6                       - 2: setText(findTestObject("Object Repository/HRIS/Page_Login  TrilaSoft/input_Remember Me_email"), username)
2025-12-02 11:17:25.541 DEBUG testcase.testcase6                       - 3: setEncryptedText(findTestObject("Object Repository/HRIS/Page_Login  TrilaSoft/input_Remember Me_password"), password)
2025-12-02 11:17:25.952 DEBUG testcase.testcase6                       - 4: click(findTestObject("Object Repository/HRIS/Page_Login  TrilaSoft/button_Remember Me_btn btn-primary"))
2025-12-02 11:17:30.360 DEBUG testcase.testcase6                       - 5: title = getWindowTitle()
2025-12-02 11:17:30.381 DEBUG testcase.testcase6                       - 6: println(title)
My Dashboard | TrilaSoft
2025-12-02 11:17:30.384 DEBUG testcase.testcase6                       - 7: assert title == "My Dashboard | TrilaSoft"
2025-12-02 11:17:30.388 DEBUG testcase.testcase6                       - 8: closeBrowser()
2025-12-02 11:17:30.545 INFO  c.k.katalon.core.main.TestCaseExecutor   - END Test Cases/HRIS/SignIn/testcase6
2025-12-02 11:17:30.564 INFO  c.k.katalon.core.main.TestCaseExecutor   - --------------------
2025-12-02 11:17:30.564 INFO  c.k.katalon.core.main.TestCaseExecutor   - START Test Cases/HRIS/SignIn/testcase7
2025-12-02 11:17:30.575 DEBUG testcase.testcase6                       - 1: openBrowser("https://qahris.trilasoft.com/")
2025-12-02 11:17:30.578 INFO  c.k.k.core.webui.driver.DriverFactory    - Starting 'Chrome' driver
2025-12-02 11:17:30.579 INFO  c.k.k.core.webui.driver.DriverFactory    - Action delay is set to 0 milliseconds
Dec 02, 2025 11:17:31 AM org.openqa.selenium.devtools.CdpVersionFinder findNearestMatch
WARNING: Unable to find an exact match for CDP version 142, returning the closest version; found: 138; Please update to a Selenium version that supports CDP version 142
2025-12-02 11:17:31.334 INFO  c.k.k.core.webui.driver.DriverFactory    - sessionId = f767a832bbfe64874fa676d9a5a8c710
2025-12-02 11:17:31.335 INFO  c.k.k.core.webui.driver.DriverFactory    - browser = Chrome 142.0.7444.176
2025-12-02 11:17:31.336 INFO  c.k.k.core.webui.driver.DriverFactory    - platform = Windows 11
2025-12-02 11:17:31.336 INFO  c.k.k.core.webui.driver.DriverFactory    - seleniumVersion = 4.28.1
2025-12-02 11:17:31.337 INFO  c.k.k.core.webui.driver.DriverFactory    - proxyInformation = ProxyInformation { proxyOption=NO_PROXY, proxyServerType=HTTP, username=, password=********, proxyServerAddress=, proxyServerPort=0, executionList="", isApplyToDesiredCapabilities=true }
2025-12-02 11:17:31.812 DEBUG testcase.testcase6                       - 2: setText(findTestObject("Object Repository/HRIS/Page_Login  TrilaSoft/input_Remember Me_email"), username)
2025-12-02 11:17:32.627 DEBUG testcase.testcase6                       - 3: setEncryptedText(findTestObject("Object Repository/HRIS/Page_Login  TrilaSoft/input_Remember Me_password"), password)
2025-12-02 11:17:32.967 DEBUG testcase.testcase6                       - 4: click(findTestObject("Object Repository/HRIS/Page_Login  TrilaSoft/button_Remember Me_btn btn-primary"))
2025-12-02 11:17:36.184 DEBUG testcase.testcase6                       - 5: title = getWindowTitle()
2025-12-02 11:17:36.195 DEBUG testcase.testcase6                       - 6: println(title)
My Dashboard | TrilaSoft
2025-12-02 11:17:36.196 DEBUG testcase.testcase6                       - 7: assert title == "My Dashboard | TrilaSoft"
2025-12-02 11:17:36.197 DEBUG testcase.testcase6                       - 8: closeBrowser()
2025-12-02 11:17:36.353 INFO  c.k.katalon.core.main.TestCaseExecutor   - END Test Cases/HRIS/SignIn/testcase7
2025-12-02 11:17:36.372 INFO  c.k.katalon.core.main.TestCaseExecutor   - --------------------
2025-12-02 11:17:36.372 INFO  c.k.katalon.core.main.TestCaseExecutor   - START Test Cases/HRIS/SignIn/testcase8
2025-12-02 11:17:36.383 DEBUG testcase.testcase6                       - 1: openBrowser("https://qahris.trilasoft.com/")
2025-12-02 11:17:36.386 INFO  c.k.k.core.webui.driver.DriverFactory    - Starting 'Chrome' driver
2025-12-02 11:17:36.387 INFO  c.k.k.core.webui.driver.DriverFactory    - Action delay is set to 0 milliseconds
Dec 02, 2025 11:17:37 AM org.openqa.selenium.devtools.CdpVersionFinder findNearestMatch
WARNING: Unable to find an exact match for CDP version 142, returning the closest version; found: 138; Please update to a Selenium version that supports CDP version 142
2025-12-02 11:17:37.101 INFO  c.k.k.core.webui.driver.DriverFactory    - sessionId = 65f6638913499076e3c585a3389cb952
2025-12-02 11:17:37.101 INFO  c.k.k.core.webui.driver.DriverFactory    - browser = Chrome 142.0.7444.176
2025-12-02 11:17:37.101 INFO  c.k.k.core.webui.driver.DriverFactory    - platform = Windows 11
2025-12-02 11:17:37.102 INFO  c.k.k.core.webui.driver.DriverFactory    - seleniumVersion = 4.28.1
2025-12-02 11:17:37.102 INFO  c.k.k.core.webui.driver.DriverFactory    - proxyInformation = ProxyInformation { proxyOption=NO_PROXY, proxyServerType=HTTP, username=, password=********, proxyServerAddress=, proxyServerPort=0, executionList="", isApplyToDesiredCapabilities=true }
2025-12-02 11:17:37.812 DEBUG testcase.testcase6                       - 2: setText(findTestObject("Object Repository/HRIS/Page_Login  TrilaSoft/input_Remember Me_email"), username)
2025-12-02 11:17:38.745 DEBUG testcase.testcase6                       - 3: setEncryptedText(findTestObject("Object Repository/HRIS/Page_Login  TrilaSoft/input_Remember Me_password"), password)
2025-12-02 11:17:39.077 DEBUG testcase.testcase6                       - 4: click(findTestObject("Object Repository/HRIS/Page_Login  TrilaSoft/button_Remember Me_btn btn-primary"))
2025-12-02 11:17:42.618 DEBUG testcase.testcase6                       - 5: title = getWindowTitle()
2025-12-02 11:17:42.634 DEBUG testcase.testcase6                       - 6: println(title)
My Dashboard | TrilaSoft
2025-12-02 11:17:42.635 DEBUG testcase.testcase6                       - 7: assert title == "My Dashboard | TrilaSoft"
2025-12-02 11:17:42.637 DEBUG testcase.testcase6                       - 8: closeBrowser()
2025-12-02 11:17:42.792 INFO  c.k.katalon.core.main.TestCaseExecutor   - END Test Cases/HRIS/SignIn/testcase8
2025-12-02 11:17:42.818 INFO  c.k.katalon.core.main.TestCaseExecutor   - --------------------
2025-12-02 11:17:42.818 INFO  c.k.katalon.core.main.TestCaseExecutor   - START Test Cases/HRIS/SignIn/testcase9
2025-12-02 11:17:42.826 DEBUG testcase.testcase6                       - 1: openBrowser("https://qahris.trilasoft.com/")
2025-12-02 11:17:42.828 INFO  c.k.k.core.webui.driver.DriverFactory    - Starting 'Chrome' driver
2025-12-02 11:17:42.830 INFO  c.k.k.core.webui.driver.DriverFactory    - Action delay is set to 0 milliseconds
Dec 02, 2025 11:17:43 AM org.openqa.selenium.devtools.CdpVersionFinder findNearestMatch
WARNING: Unable to find an exact match for CDP version 142, returning the closest version; found: 138; Please update to a Selenium version that supports CDP version 142
2025-12-02 11:17:43.553 INFO  c.k.k.core.webui.driver.DriverFactory    - sessionId = 8cc8ec8a73373aaec24bcf4da43689a5
2025-12-02 11:17:43.554 INFO  c.k.k.core.webui.driver.DriverFactory    - browser = Chrome 142.0.7444.176
2025-12-02 11:17:43.554 INFO  c.k.k.core.webui.driver.DriverFactory    - platform = Windows 11
2025-12-02 11:17:43.554 INFO  c.k.k.core.webui.driver.DriverFactory    - seleniumVersion = 4.28.1
2025-12-02 11:17:43.555 INFO  c.k.k.core.webui.driver.DriverFactory    - proxyInformation = ProxyInformation { proxyOption=NO_PROXY, proxyServerType=HTTP, username=, password=********, proxyServerAddress=, proxyServerPort=0, executionList="", isApplyToDesiredCapabilities=true }
2025-12-02 11:17:44.039 DEBUG testcase.testcase6                       - 2: setText(findTestObject("Object Repository/HRIS/Page_Login  TrilaSoft/input_Remember Me_email"), username)
2025-12-02 11:17:44.865 DEBUG testcase.testcase6                       - 3: setEncryptedText(findTestObject("Object Repository/HRIS/Page_Login  TrilaSoft/input_Remember Me_password"), password)
2025-12-02 11:17:45.253 DEBUG testcase.testcase6                       - 4: click(findTestObject("Object Repository/HRIS/Page_Login  TrilaSoft/button_Remember Me_btn btn-primary"))
2025-12-02 11:17:48.967 DEBUG testcase.testcase6                       - 5: title = getWindowTitle()
2025-12-02 11:17:48.980 DEBUG testcase.testcase6                       - 6: println(title)
My Dashboard | TrilaSoft
2025-12-02 11:17:48.981 DEBUG testcase.testcase6                       - 7: assert title == "My Dashboard | TrilaSoft"
2025-12-02 11:17:48.981 DEBUG testcase.testcase6                       - 8: closeBrowser()
2025-12-02 11:17:49.135 INFO  c.k.katalon.core.main.TestCaseExecutor   - END Test Cases/HRIS/SignIn/testcase9
2025-12-02 11:17:49.157 INFO  c.k.katalon.core.main.TestCaseExecutor   - --------------------
2025-12-02 11:17:49.157 INFO  c.k.katalon.core.main.TestCaseExecutor   - START Test Cases/HRIS/SignIn/testcase10
2025-12-02 11:17:49.165 DEBUG testcase.testcase6                       - 1: openBrowser("https://qahris.trilasoft.com/")
2025-12-02 11:17:49.168 INFO  c.k.k.core.webui.driver.DriverFactory    - Starting 'Chrome' driver
2025-12-02 11:17:49.168 INFO  c.k.k.core.webui.driver.DriverFactory    - Action delay is set to 0 milliseconds
Dec 02, 2025 11:17:49 AM org.openqa.selenium.devtools.CdpVersionFinder findNearestMatch
WARNING: Unable to find an exact match for CDP version 142, returning the closest version; found: 138; Please update to a Selenium version that supports CDP version 142
2025-12-02 11:17:49.860 INFO  c.k.k.core.webui.driver.DriverFactory    - sessionId = 0fcdb6de5890cbc248fb13dbcbaacdae
2025-12-02 11:17:49.860 INFO  c.k.k.core.webui.driver.DriverFactory    - browser = Chrome 142.0.7444.176
2025-12-02 11:17:49.860 INFO  c.k.k.core.webui.driver.DriverFactory    - platform = Windows 11
2025-12-02 11:17:49.860 INFO  c.k.k.core.webui.driver.DriverFactory    - seleniumVersion = 4.28.1
2025-12-02 11:17:49.861 INFO  c.k.k.core.webui.driver.DriverFactory    - proxyInformation = ProxyInformation { proxyOption=NO_PROXY, proxyServerType=HTTP, username=, password=********, proxyServerAddress=, proxyServerPort=0, executionList="", isApplyToDesiredCapabilities=true }
2025-12-02 11:17:50.384 DEBUG testcase.testcase6                       - 2: setText(findTestObject("Object Repository/HRIS/Page_Login  TrilaSoft/input_Remember Me_email"), username)
2025-12-02 11:17:51.230 DEBUG testcase.testcase6                       - 3: setEncryptedText(findTestObject("Object Repository/HRIS/Page_Login  TrilaSoft/input_Remember Me_password"), password)
2025-12-02 11:17:51.654 DEBUG testcase.testcase6                       - 4: click(findTestObject("Object Repository/HRIS/Page_Login  TrilaSoft/button_Remember Me_btn btn-primary"))
2025-12-02 11:17:54.848 DEBUG testcase.testcase6                       - 5: title = getWindowTitle()
2025-12-02 11:17:54.865 DEBUG testcase.testcase6                       - 6: println(title)
My Dashboard | TrilaSoft
2025-12-02 11:17:54.866 DEBUG testcase.testcase6                       - 7: assert title == "My Dashboard | TrilaSoft"
2025-12-02 11:17:54.866 DEBUG testcase.testcase6                       - 8: closeBrowser()
2025-12-02 11:17:55.028 INFO  c.k.katalon.core.main.TestCaseExecutor   - END Test Cases/HRIS/SignIn/testcase10
2025-12-02 11:17:55.055 INFO  c.k.katalon.core.main.TestSuiteExecutor  - --------------------
2025-12-02 11:17:55.055 INFO  c.k.katalon.core.main.TestSuiteExecutor  - END Test Suites/TS_02
2025-12-02 11:17:55.055 INFO  c.k.katalon.core.main.TestSuiteExecutor  - ====================
