2025-12-02 11:29:03.594 INFO  c.k.k.c.l.logback.LogbackConfigurator    - Logback default configuration initialized from: C:\Users\Shashi Prasanjit\.katalon\packages\KSE-10.4.0\configuration\org.eclipse.osgi\131\0\.cp\resources\logback\logback-execution.xml
2025-12-02 11:29:03.597 INFO  c.k.k.c.l.logback.LogbackConfigurator    - Logback custom configuration initialized from: C:\Users\Shashi Prasanjit\Katalon Studio\HRIS\Include\config\log.properties
2025-12-02 11:29:03.708 INFO  c.k.katalon.core.main.TestSuiteExecutor  - START Test Suites/TS_03
2025-12-02 11:29:03.845 INFO  c.k.katalon.core.main.TestSuiteExecutor  - userFullName = Shashi Prakash
2025-12-02 11:29:03.846 INFO  c.k.katalon.core.main.TestSuiteExecutor  - projectName = HRIS
2025-12-02 11:29:03.847 INFO  c.k.katalon.core.main.TestSuiteExecutor  - hostName = Shashi Prasanjit - 192.168.1.3
2025-12-02 11:29:03.847 INFO  c.k.katalon.core.main.TestSuiteExecutor  - os = Windows 11 64bit
2025-12-02 11:29:03.848 INFO  c.k.katalon.core.main.TestSuiteExecutor  - hostAddress = 192.168.1.3
2025-12-02 11:29:03.849 INFO  c.k.katalon.core.main.TestSuiteExecutor  - katalonVersion = 10.4.0.0
2025-12-02 11:29:04.410 INFO  c.k.katalon.core.main.TestCaseExecutor   - --------------------
2025-12-02 11:29:04.410 INFO  c.k.katalon.core.main.TestCaseExecutor   - START Test Cases/HRIS/SignIn/testcase11
2025-12-02 11:29:04.763 DEBUG testcase.testcase11                      - 1: openBrowser("https://qahris.trilasoft.com/")
2025-12-02 11:29:05.034 INFO  c.k.k.core.webui.driver.DriverFactory    - Starting 'Chrome' driver
2025-12-02 11:29:05.100 INFO  c.k.k.core.webui.driver.DriverFactory    - Action delay is set to 0 milliseconds
Dec 02, 2025 11:29:06 AM org.openqa.selenium.devtools.CdpVersionFinder findNearestMatch
WARNING: Unable to find an exact match for CDP version 142, returning the closest version; found: 138; Please update to a Selenium version that supports CDP version 142
2025-12-02 11:29:06.642 INFO  c.k.k.core.webui.driver.DriverFactory    - sessionId = 423b4eeec647ec75824a0108643bec49
2025-12-02 11:29:06.643 INFO  c.k.k.core.webui.driver.DriverFactory    - browser = Chrome 142.0.7444.176
2025-12-02 11:29:06.643 INFO  c.k.k.core.webui.driver.DriverFactory    - platform = Windows 11
2025-12-02 11:29:06.644 INFO  c.k.k.core.webui.driver.DriverFactory    - seleniumVersion = 4.28.1
2025-12-02 11:29:06.653 INFO  c.k.k.core.webui.driver.DriverFactory    - proxyInformation = ProxyInformation { proxyOption=NO_PROXY, proxyServerType=HTTP, username=, password=********, proxyServerAddress=, proxyServerPort=0, executionList="", isApplyToDesiredCapabilities=true }
2025-12-02 11:29:07.188 DEBUG testcase.testcase11                      - 2: setText(findTestObject("Object Repository/HRIS/Page_Login  TrilaSoft/input_Remember Me_email"), username)
2025-12-02 11:29:08.106 DEBUG testcase.testcase11                      - 3: setEncryptedText(findTestObject("Object Repository/HRIS/Page_Login  TrilaSoft/input_Remember Me_password"), password)
2025-12-02 11:29:08.447 DEBUG testcase.testcase11                      - 4: click(findTestObject("Object Repository/HRIS/Page_Login  TrilaSoft/button_Remember Me_btn btn-primary"))
2025-12-02 11:29:11.956 DEBUG testcase.testcase11                      - 5: title = getWindowTitle()
2025-12-02 11:29:11.979 DEBUG testcase.testcase11                      - 6: println(title)
My Dashboard | TrilaSoft
2025-12-02 11:29:11.983 DEBUG testcase.testcase11                      - 7: assert title == "My Dashboard | TrilaSoft"
2025-12-02 11:29:11.987 DEBUG testcase.testcase11                      - 8: closeBrowser()
2025-12-02 11:29:12.171 INFO  c.k.katalon.core.main.TestCaseExecutor   - END Test Cases/HRIS/SignIn/testcase11
2025-12-02 11:29:12.178 INFO  c.k.katalon.core.main.TestCaseExecutor   - --------------------
2025-12-02 11:29:12.178 INFO  c.k.katalon.core.main.TestCaseExecutor   - START Test Cases/HRIS/SignIn/testcase12
2025-12-02 11:29:12.231 DEBUG testcase.testcase12                      - 1: openBrowser("https://qahris.trilasoft.com/")
2025-12-02 11:29:12.234 INFO  c.k.k.core.webui.driver.DriverFactory    - Starting 'Chrome' driver
2025-12-02 11:29:12.235 INFO  c.k.k.core.webui.driver.DriverFactory    - Action delay is set to 0 milliseconds
Dec 02, 2025 11:29:12 AM org.openqa.selenium.devtools.CdpVersionFinder findNearestMatch
WARNING: Unable to find an exact match for CDP version 142, returning the closest version; found: 138; Please update to a Selenium version that supports CDP version 142
2025-12-02 11:29:12.991 INFO  c.k.k.core.webui.driver.DriverFactory    - sessionId = 1322e894e1ec176ed40c627c378c8093
2025-12-02 11:29:12.992 INFO  c.k.k.core.webui.driver.DriverFactory    - browser = Chrome 142.0.7444.176
2025-12-02 11:29:12.993 INFO  c.k.k.core.webui.driver.DriverFactory    - platform = Windows 11
2025-12-02 11:29:12.993 INFO  c.k.k.core.webui.driver.DriverFactory    - seleniumVersion = 4.28.1
2025-12-02 11:29:12.993 INFO  c.k.k.core.webui.driver.DriverFactory    - proxyInformation = ProxyInformation { proxyOption=NO_PROXY, proxyServerType=HTTP, username=, password=********, proxyServerAddress=, proxyServerPort=0, executionList="", isApplyToDesiredCapabilities=true }
2025-12-02 11:29:14.011 DEBUG testcase.testcase12                      - 2: setText(findTestObject("Object Repository/HRIS/Page_Login  TrilaSoft/input_Remember Me_email"), username)
2025-12-02 11:29:14.970 DEBUG testcase.testcase12                      - 3: setEncryptedText(findTestObject("Object Repository/HRIS/Page_Login  TrilaSoft/input_Remember Me_password"), password)
2025-12-02 11:29:15.337 DEBUG testcase.testcase12                      - 4: click(findTestObject("Object Repository/HRIS/Page_Login  TrilaSoft/button_Remember Me_btn btn-primary"))
2025-12-02 11:29:18.564 DEBUG testcase.testcase12                      - 5: title = getWindowTitle()
2025-12-02 11:29:18.578 DEBUG testcase.testcase12                      - 6: println(title)
My Dashboard | TrilaSoft
2025-12-02 11:29:18.583 DEBUG testcase.testcase12                      - 7: assert title == "My Dashboard | TrilaSoft"
2025-12-02 11:29:18.585 DEBUG testcase.testcase12                      - 8: closeBrowser()
2025-12-02 11:29:18.776 INFO  c.k.katalon.core.main.TestCaseExecutor   - END Test Cases/HRIS/SignIn/testcase12
2025-12-02 11:29:18.778 INFO  c.k.katalon.core.main.TestCaseExecutor   - --------------------
2025-12-02 11:29:18.779 INFO  c.k.katalon.core.main.TestCaseExecutor   - START Test Cases/HRIS/SignIn/testcase13
2025-12-02 11:29:18.795 DEBUG testcase.testcase11                      - 1: openBrowser("https://qahris.trilasoft.com/")
2025-12-02 11:29:18.798 INFO  c.k.k.core.webui.driver.DriverFactory    - Starting 'Chrome' driver
2025-12-02 11:29:18.799 INFO  c.k.k.core.webui.driver.DriverFactory    - Action delay is set to 0 milliseconds
Dec 02, 2025 11:29:19 AM org.openqa.selenium.devtools.CdpVersionFinder findNearestMatch
WARNING: Unable to find an exact match for CDP version 142, returning the closest version; found: 138; Please update to a Selenium version that supports CDP version 142
2025-12-02 11:29:19.516 INFO  c.k.k.core.webui.driver.DriverFactory    - sessionId = 1e3c11ea11510f36a98b2906eb138b52
2025-12-02 11:29:19.517 INFO  c.k.k.core.webui.driver.DriverFactory    - browser = Chrome 142.0.7444.176
2025-12-02 11:29:19.517 INFO  c.k.k.core.webui.driver.DriverFactory    - platform = Windows 11
2025-12-02 11:29:19.517 INFO  c.k.k.core.webui.driver.DriverFactory    - seleniumVersion = 4.28.1
2025-12-02 11:29:19.518 INFO  c.k.k.core.webui.driver.DriverFactory    - proxyInformation = ProxyInformation { proxyOption=NO_PROXY, proxyServerType=HTTP, username=, password=********, proxyServerAddress=, proxyServerPort=0, executionList="", isApplyToDesiredCapabilities=true }
2025-12-02 11:29:20.278 DEBUG testcase.testcase11                      - 2: setText(findTestObject("Object Repository/HRIS/Page_Login  TrilaSoft/input_Remember Me_email"), username)
2025-12-02 11:29:21.182 DEBUG testcase.testcase11                      - 3: setEncryptedText(findTestObject("Object Repository/HRIS/Page_Login  TrilaSoft/input_Remember Me_password"), password)
2025-12-02 11:29:21.522 DEBUG testcase.testcase11                      - 4: click(findTestObject("Object Repository/HRIS/Page_Login  TrilaSoft/button_Remember Me_btn btn-primary"))
2025-12-02 11:29:25.285 DEBUG testcase.testcase11                      - 5: title = getWindowTitle()
2025-12-02 11:29:25.296 DEBUG testcase.testcase11                      - 6: println(title)
My Dashboard | TrilaSoft
2025-12-02 11:29:25.297 DEBUG testcase.testcase11                      - 7: assert title == "My Dashboard | TrilaSoft"
2025-12-02 11:29:25.299 DEBUG testcase.testcase11                      - 8: closeBrowser()
2025-12-02 11:29:25.450 INFO  c.k.katalon.core.main.TestCaseExecutor   - END Test Cases/HRIS/SignIn/testcase13
2025-12-02 11:29:25.455 INFO  c.k.katalon.core.main.TestCaseExecutor   - --------------------
2025-12-02 11:29:25.455 INFO  c.k.katalon.core.main.TestCaseExecutor   - START Test Cases/HRIS/SignIn/testcase14
2025-12-02 11:29:25.464 DEBUG testcase.testcase12                      - 1: openBrowser("https://qahris.trilasoft.com/")
2025-12-02 11:29:25.467 INFO  c.k.k.core.webui.driver.DriverFactory    - Starting 'Chrome' driver
2025-12-02 11:29:25.468 INFO  c.k.k.core.webui.driver.DriverFactory    - Action delay is set to 0 milliseconds
Dec 02, 2025 11:29:26 AM org.openqa.selenium.devtools.CdpVersionFinder findNearestMatch
WARNING: Unable to find an exact match for CDP version 142, returning the closest version; found: 138; Please update to a Selenium version that supports CDP version 142
2025-12-02 11:29:26.214 INFO  c.k.k.core.webui.driver.DriverFactory    - sessionId = f2fc2f54ee826436e8d76894eda2d14f
2025-12-02 11:29:26.214 INFO  c.k.k.core.webui.driver.DriverFactory    - browser = Chrome 142.0.7444.176
2025-12-02 11:29:26.216 INFO  c.k.k.core.webui.driver.DriverFactory    - platform = Windows 11
2025-12-02 11:29:26.216 INFO  c.k.k.core.webui.driver.DriverFactory    - seleniumVersion = 4.28.1
2025-12-02 11:29:26.216 INFO  c.k.k.core.webui.driver.DriverFactory    - proxyInformation = ProxyInformation { proxyOption=NO_PROXY, proxyServerType=HTTP, username=, password=********, proxyServerAddress=, proxyServerPort=0, executionList="", isApplyToDesiredCapabilities=true }
2025-12-02 11:29:26.687 DEBUG testcase.testcase12                      - 2: setText(findTestObject("Object Repository/HRIS/Page_Login  TrilaSoft/input_Remember Me_email"), username)
2025-12-02 11:29:27.577 DEBUG testcase.testcase12                      - 3: setEncryptedText(findTestObject("Object Repository/HRIS/Page_Login  TrilaSoft/input_Remember Me_password"), password)
2025-12-02 11:29:27.977 DEBUG testcase.testcase12                      - 4: click(findTestObject("Object Repository/HRIS/Page_Login  TrilaSoft/button_Remember Me_btn btn-primary"))
2025-12-02 11:29:31.438 DEBUG testcase.testcase12                      - 5: title = getWindowTitle()
2025-12-02 11:29:31.451 DEBUG testcase.testcase12                      - 6: println(title)
My Dashboard | TrilaSoft
2025-12-02 11:29:31.452 DEBUG testcase.testcase12                      - 7: assert title == "My Dashboard | TrilaSoft"
2025-12-02 11:29:31.452 DEBUG testcase.testcase12                      - 8: closeBrowser()
2025-12-02 11:29:31.644 INFO  c.k.katalon.core.main.TestCaseExecutor   - END Test Cases/HRIS/SignIn/testcase14
2025-12-02 11:29:31.646 INFO  c.k.katalon.core.main.TestCaseExecutor   - --------------------
2025-12-02 11:29:31.648 INFO  c.k.katalon.core.main.TestCaseExecutor   - START Test Cases/HRIS/SignIn/testcase15
2025-12-02 11:29:31.669 DEBUG testcase.testcase12                      - 1: openBrowser("https://qahris.trilasoft.com/")
2025-12-02 11:29:31.672 INFO  c.k.k.core.webui.driver.DriverFactory    - Starting 'Chrome' driver
2025-12-02 11:29:31.674 INFO  c.k.k.core.webui.driver.DriverFactory    - Action delay is set to 0 milliseconds
Dec 02, 2025 11:29:32 AM org.openqa.selenium.devtools.CdpVersionFinder findNearestMatch
WARNING: Unable to find an exact match for CDP version 142, returning the closest version; found: 138; Please update to a Selenium version that supports CDP version 142
2025-12-02 11:29:32.450 INFO  c.k.k.core.webui.driver.DriverFactory    - sessionId = ae70d0097e89e9ae459bd1aa04df0e54
2025-12-02 11:29:32.452 INFO  c.k.k.core.webui.driver.DriverFactory    - browser = Chrome 142.0.7444.176
2025-12-02 11:29:32.452 INFO  c.k.k.core.webui.driver.DriverFactory    - platform = Windows 11
2025-12-02 11:29:32.452 INFO  c.k.k.core.webui.driver.DriverFactory    - seleniumVersion = 4.28.1
2025-12-02 11:29:32.453 INFO  c.k.k.core.webui.driver.DriverFactory    - proxyInformation = ProxyInformation { proxyOption=NO_PROXY, proxyServerType=HTTP, username=, password=********, proxyServerAddress=, proxyServerPort=0, executionList="", isApplyToDesiredCapabilities=true }
2025-12-02 11:29:33.211 DEBUG testcase.testcase12                      - 2: setText(findTestObject("Object Repository/HRIS/Page_Login  TrilaSoft/input_Remember Me_email"), username)
2025-12-02 11:29:34.126 DEBUG testcase.testcase12                      - 3: setEncryptedText(findTestObject("Object Repository/HRIS/Page_Login  TrilaSoft/input_Remember Me_password"), password)
2025-12-02 11:29:34.492 DEBUG testcase.testcase12                      - 4: click(findTestObject("Object Repository/HRIS/Page_Login  TrilaSoft/button_Remember Me_btn btn-primary"))
2025-12-02 11:29:37.663 DEBUG testcase.testcase12                      - 5: title = getWindowTitle()
2025-12-02 11:29:37.682 DEBUG testcase.testcase12                      - 6: println(title)
My Dashboard | TrilaSoft
2025-12-02 11:29:37.682 DEBUG testcase.testcase12                      - 7: assert title == "My Dashboard | TrilaSoft"
2025-12-02 11:29:37.684 DEBUG testcase.testcase12                      - 8: closeBrowser()
2025-12-02 11:29:37.809 INFO  c.k.katalon.core.main.TestCaseExecutor   - END Test Cases/HRIS/SignIn/testcase15
2025-12-02 11:29:37.835 INFO  c.k.katalon.core.main.TestSuiteExecutor  - --------------------
2025-12-02 11:29:37.835 INFO  c.k.katalon.core.main.TestSuiteExecutor  - END Test Suites/TS_03
2025-12-02 11:29:37.835 INFO  c.k.katalon.core.main.TestSuiteExecutor  - ====================
