2025-12-02 11:38:29.195 INFO  c.k.k.c.l.logback.LogbackConfigurator    - Logback default configuration initialized from: C:\Users\Shashi Prasanjit\.katalon\packages\KSE-10.4.0\configuration\org.eclipse.osgi\131\0\.cp\resources\logback\logback-execution.xml
2025-12-02 11:38:29.200 INFO  c.k.k.c.l.logback.LogbackConfigurator    - Logback custom configuration initialized from: C:\Users\Shashi Prasanjit\Katalon Studio\HRIS\Include\config\log.properties
2025-12-02 11:38:29.308 INFO  c.k.katalon.core.main.TestSuiteExecutor  - START Test Suites/TS_10
2025-12-02 11:38:29.421 INFO  c.k.katalon.core.main.TestSuiteExecutor  - userFullName = Shashi Prakash
2025-12-02 11:38:29.422 INFO  c.k.katalon.core.main.TestSuiteExecutor  - projectName = HRIS
2025-12-02 11:38:29.422 INFO  c.k.katalon.core.main.TestSuiteExecutor  - hostName = Shashi Prasanjit - 192.168.1.3
2025-12-02 11:38:29.423 INFO  c.k.katalon.core.main.TestSuiteExecutor  - os = Windows 11 64bit
2025-12-02 11:38:29.423 INFO  c.k.katalon.core.main.TestSuiteExecutor  - hostAddress = 192.168.1.3
2025-12-02 11:38:29.425 INFO  c.k.katalon.core.main.TestSuiteExecutor  - katalonVersion = 10.4.0.0
2025-12-02 11:38:29.914 INFO  c.k.katalon.core.main.TestCaseExecutor   - --------------------
2025-12-02 11:38:29.914 INFO  c.k.katalon.core.main.TestCaseExecutor   - START Test Cases/HRIS/SignIn/testcase46
2025-12-02 11:38:30.242 DEBUG testcase.testcase46                      - 1: openBrowser("https://qahris.trilasoft.com/")
2025-12-02 11:38:30.452 INFO  c.k.k.core.webui.driver.DriverFactory    - Starting 'Chrome' driver
2025-12-02 11:38:30.493 INFO  c.k.k.core.webui.driver.DriverFactory    - Action delay is set to 0 milliseconds
Dec 02, 2025 11:38:31 AM org.openqa.selenium.devtools.CdpVersionFinder findNearestMatch
WARNING: Unable to find an exact match for CDP version 142, returning the closest version; found: 138; Please update to a Selenium version that supports CDP version 142
2025-12-02 11:38:31.982 INFO  c.k.k.core.webui.driver.DriverFactory    - sessionId = e34e47e7153f546fe4b63d8a0c5b6699
2025-12-02 11:38:31.983 INFO  c.k.k.core.webui.driver.DriverFactory    - browser = Chrome 142.0.7444.176
2025-12-02 11:38:31.983 INFO  c.k.k.core.webui.driver.DriverFactory    - platform = Windows 11
2025-12-02 11:38:31.984 INFO  c.k.k.core.webui.driver.DriverFactory    - seleniumVersion = 4.28.1
2025-12-02 11:38:31.995 INFO  c.k.k.core.webui.driver.DriverFactory    - proxyInformation = ProxyInformation { proxyOption=NO_PROXY, proxyServerType=HTTP, username=, password=********, proxyServerAddress=, proxyServerPort=0, executionList="", isApplyToDesiredCapabilities=true }
2025-12-02 11:38:32.570 DEBUG testcase.testcase46                      - 2: setText(findTestObject("Object Repository/HRIS/Page_Login  TrilaSoft/input_Remember Me_email"), username)
2025-12-02 11:38:33.397 DEBUG testcase.testcase46                      - 3: setEncryptedText(findTestObject("Object Repository/HRIS/Page_Login  TrilaSoft/input_Remember Me_password"), password)
2025-12-02 11:38:33.737 DEBUG testcase.testcase46                      - 4: click(findTestObject("Object Repository/HRIS/Page_Login  TrilaSoft/button_Remember Me_btn btn-primary"))
2025-12-02 11:38:37.206 DEBUG testcase.testcase46                      - 5: title = getWindowTitle()
2025-12-02 11:38:37.227 DEBUG testcase.testcase46                      - 6: println(title)
My Dashboard | TrilaSoft
2025-12-02 11:38:37.231 DEBUG testcase.testcase46                      - 7: assert title == "My Dashboard | TrilaSoft"
2025-12-02 11:38:37.233 DEBUG testcase.testcase46                      - 8: closeBrowser()
2025-12-02 11:38:37.442 INFO  c.k.katalon.core.main.TestCaseExecutor   - END Test Cases/HRIS/SignIn/testcase46
2025-12-02 11:38:37.448 INFO  c.k.katalon.core.main.TestCaseExecutor   - --------------------
2025-12-02 11:38:37.448 INFO  c.k.katalon.core.main.TestCaseExecutor   - START Test Cases/HRIS/SignIn/testcase47
2025-12-02 11:38:37.460 DEBUG testcase.testcase46                      - 1: openBrowser("https://qahris.trilasoft.com/")
2025-12-02 11:38:37.463 INFO  c.k.k.core.webui.driver.DriverFactory    - Starting 'Chrome' driver
2025-12-02 11:38:37.464 INFO  c.k.k.core.webui.driver.DriverFactory    - Action delay is set to 0 milliseconds
Dec 02, 2025 11:38:38 AM org.openqa.selenium.devtools.CdpVersionFinder findNearestMatch
WARNING: Unable to find an exact match for CDP version 142, returning the closest version; found: 138; Please update to a Selenium version that supports CDP version 142
2025-12-02 11:38:38.256 INFO  c.k.k.core.webui.driver.DriverFactory    - sessionId = a7372f64dc5bff92cd2501fa804b8331
2025-12-02 11:38:38.257 INFO  c.k.k.core.webui.driver.DriverFactory    - browser = Chrome 142.0.7444.176
2025-12-02 11:38:38.257 INFO  c.k.k.core.webui.driver.DriverFactory    - platform = Windows 11
2025-12-02 11:38:38.258 INFO  c.k.k.core.webui.driver.DriverFactory    - seleniumVersion = 4.28.1
2025-12-02 11:38:38.259 INFO  c.k.k.core.webui.driver.DriverFactory    - proxyInformation = ProxyInformation { proxyOption=NO_PROXY, proxyServerType=HTTP, username=, password=********, proxyServerAddress=, proxyServerPort=0, executionList="", isApplyToDesiredCapabilities=true }
2025-12-02 11:38:38.743 DEBUG testcase.testcase46                      - 2: setText(findTestObject("Object Repository/HRIS/Page_Login  TrilaSoft/input_Remember Me_email"), username)
2025-12-02 11:38:39.591 DEBUG testcase.testcase46                      - 3: setEncryptedText(findTestObject("Object Repository/HRIS/Page_Login  TrilaSoft/input_Remember Me_password"), password)
2025-12-02 11:38:39.922 DEBUG testcase.testcase46                      - 4: click(findTestObject("Object Repository/HRIS/Page_Login  TrilaSoft/button_Remember Me_btn btn-primary"))
2025-12-02 11:38:43.210 DEBUG testcase.testcase46                      - 5: title = getWindowTitle()
2025-12-02 11:38:43.217 DEBUG testcase.testcase46                      - 6: println(title)
My Dashboard | TrilaSoft
2025-12-02 11:38:43.219 DEBUG testcase.testcase46                      - 7: assert title == "My Dashboard | TrilaSoft"
2025-12-02 11:38:43.220 DEBUG testcase.testcase46                      - 8: closeBrowser()
2025-12-02 11:38:43.409 INFO  c.k.katalon.core.main.TestCaseExecutor   - END Test Cases/HRIS/SignIn/testcase47
2025-12-02 11:38:43.412 INFO  c.k.katalon.core.main.TestCaseExecutor   - --------------------
2025-12-02 11:38:43.412 INFO  c.k.katalon.core.main.TestCaseExecutor   - START Test Cases/HRIS/SignIn/testcase48
2025-12-02 11:38:43.420 DEBUG testcase.testcase46                      - 1: openBrowser("https://qahris.trilasoft.com/")
2025-12-02 11:38:43.422 INFO  c.k.k.core.webui.driver.DriverFactory    - Starting 'Chrome' driver
2025-12-02 11:38:43.423 INFO  c.k.k.core.webui.driver.DriverFactory    - Action delay is set to 0 milliseconds
Dec 02, 2025 11:38:44 AM org.openqa.selenium.devtools.CdpVersionFinder findNearestMatch
WARNING: Unable to find an exact match for CDP version 142, returning the closest version; found: 138; Please update to a Selenium version that supports CDP version 142
2025-12-02 11:38:44.238 INFO  c.k.k.core.webui.driver.DriverFactory    - sessionId = e059ef3d7bb640855ee355decd191475
2025-12-02 11:38:44.239 INFO  c.k.k.core.webui.driver.DriverFactory    - browser = Chrome 142.0.7444.176
2025-12-02 11:38:44.239 INFO  c.k.k.core.webui.driver.DriverFactory    - platform = Windows 11
2025-12-02 11:38:44.239 INFO  c.k.k.core.webui.driver.DriverFactory    - seleniumVersion = 4.28.1
2025-12-02 11:38:44.240 INFO  c.k.k.core.webui.driver.DriverFactory    - proxyInformation = ProxyInformation { proxyOption=NO_PROXY, proxyServerType=HTTP, username=, password=********, proxyServerAddress=, proxyServerPort=0, executionList="", isApplyToDesiredCapabilities=true }
2025-12-02 11:38:44.716 DEBUG testcase.testcase46                      - 2: setText(findTestObject("Object Repository/HRIS/Page_Login  TrilaSoft/input_Remember Me_email"), username)
2025-12-02 11:38:45.513 DEBUG testcase.testcase46                      - 3: setEncryptedText(findTestObject("Object Repository/HRIS/Page_Login  TrilaSoft/input_Remember Me_password"), password)
2025-12-02 11:38:45.825 DEBUG testcase.testcase46                      - 4: click(findTestObject("Object Repository/HRIS/Page_Login  TrilaSoft/button_Remember Me_btn btn-primary"))
2025-12-02 11:38:49.383 DEBUG testcase.testcase46                      - 5: title = getWindowTitle()
2025-12-02 11:38:49.398 DEBUG testcase.testcase46                      - 6: println(title)
My Dashboard | TrilaSoft
2025-12-02 11:38:49.398 DEBUG testcase.testcase46                      - 7: assert title == "My Dashboard | TrilaSoft"
2025-12-02 11:38:49.399 DEBUG testcase.testcase46                      - 8: closeBrowser()
2025-12-02 11:38:49.579 INFO  c.k.katalon.core.main.TestCaseExecutor   - END Test Cases/HRIS/SignIn/testcase48
2025-12-02 11:38:49.589 INFO  c.k.katalon.core.main.TestCaseExecutor   - --------------------
2025-12-02 11:38:49.589 INFO  c.k.katalon.core.main.TestCaseExecutor   - START Test Cases/HRIS/SignIn/testcase49
2025-12-02 11:38:49.611 DEBUG testcase.testcase46                      - 1: openBrowser("https://qahris.trilasoft.com/")
2025-12-02 11:38:49.617 INFO  c.k.k.core.webui.driver.DriverFactory    - Starting 'Chrome' driver
2025-12-02 11:38:49.618 INFO  c.k.k.core.webui.driver.DriverFactory    - Action delay is set to 0 milliseconds
Dec 02, 2025 11:38:50 AM org.openqa.selenium.devtools.CdpVersionFinder findNearestMatch
WARNING: Unable to find an exact match for CDP version 142, returning the closest version; found: 138; Please update to a Selenium version that supports CDP version 142
2025-12-02 11:38:50.393 INFO  c.k.k.core.webui.driver.DriverFactory    - sessionId = 0c7cb993f03232e43228935903cf0112
2025-12-02 11:38:50.393 INFO  c.k.k.core.webui.driver.DriverFactory    - browser = Chrome 142.0.7444.176
2025-12-02 11:38:50.394 INFO  c.k.k.core.webui.driver.DriverFactory    - platform = Windows 11
2025-12-02 11:38:50.394 INFO  c.k.k.core.webui.driver.DriverFactory    - seleniumVersion = 4.28.1
2025-12-02 11:38:50.395 INFO  c.k.k.core.webui.driver.DriverFactory    - proxyInformation = ProxyInformation { proxyOption=NO_PROXY, proxyServerType=HTTP, username=, password=********, proxyServerAddress=, proxyServerPort=0, executionList="", isApplyToDesiredCapabilities=true }
2025-12-02 11:38:53.835 DEBUG testcase.testcase46                      - 2: setText(findTestObject("Object Repository/HRIS/Page_Login  TrilaSoft/input_Remember Me_email"), username)
2025-12-02 11:38:54.673 DEBUG testcase.testcase46                      - 3: setEncryptedText(findTestObject("Object Repository/HRIS/Page_Login  TrilaSoft/input_Remember Me_password"), password)
2025-12-02 11:38:54.977 DEBUG testcase.testcase46                      - 4: click(findTestObject("Object Repository/HRIS/Page_Login  TrilaSoft/button_Remember Me_btn btn-primary"))
2025-12-02 11:38:58.428 DEBUG testcase.testcase46                      - 5: title = getWindowTitle()
2025-12-02 11:38:58.439 DEBUG testcase.testcase46                      - 6: println(title)
My Dashboard | TrilaSoft
2025-12-02 11:38:58.439 DEBUG testcase.testcase46                      - 7: assert title == "My Dashboard | TrilaSoft"
2025-12-02 11:38:58.439 DEBUG testcase.testcase46                      - 8: closeBrowser()
2025-12-02 11:38:58.560 INFO  c.k.katalon.core.main.TestCaseExecutor   - END Test Cases/HRIS/SignIn/testcase49
2025-12-02 11:38:58.562 INFO  c.k.katalon.core.main.TestCaseExecutor   - --------------------
2025-12-02 11:38:58.562 INFO  c.k.katalon.core.main.TestCaseExecutor   - START Test Cases/HRIS/SignIn/testcase50
2025-12-02 11:38:58.571 DEBUG testcase.testcase46                      - 1: openBrowser("https://qahris.trilasoft.com/")
2025-12-02 11:38:58.574 INFO  c.k.k.core.webui.driver.DriverFactory    - Starting 'Chrome' driver
2025-12-02 11:38:58.576 INFO  c.k.k.core.webui.driver.DriverFactory    - Action delay is set to 0 milliseconds
Dec 02, 2025 11:38:59 AM org.openqa.selenium.devtools.CdpVersionFinder findNearestMatch
WARNING: Unable to find an exact match for CDP version 142, returning the closest version; found: 138; Please update to a Selenium version that supports CDP version 142
2025-12-02 11:38:59.324 INFO  c.k.k.core.webui.driver.DriverFactory    - sessionId = 8849516be28fa55e88d2815be0961fc6
2025-12-02 11:38:59.325 INFO  c.k.k.core.webui.driver.DriverFactory    - browser = Chrome 142.0.7444.176
2025-12-02 11:38:59.325 INFO  c.k.k.core.webui.driver.DriverFactory    - platform = Windows 11
2025-12-02 11:38:59.325 INFO  c.k.k.core.webui.driver.DriverFactory    - seleniumVersion = 4.28.1
2025-12-02 11:38:59.325 INFO  c.k.k.core.webui.driver.DriverFactory    - proxyInformation = ProxyInformation { proxyOption=NO_PROXY, proxyServerType=HTTP, username=, password=********, proxyServerAddress=, proxyServerPort=0, executionList="", isApplyToDesiredCapabilities=true }
2025-12-02 11:39:00.005 DEBUG testcase.testcase46                      - 2: setText(findTestObject("Object Repository/HRIS/Page_Login  TrilaSoft/input_Remember Me_email"), username)
2025-12-02 11:39:00.830 DEBUG testcase.testcase46                      - 3: setEncryptedText(findTestObject("Object Repository/HRIS/Page_Login  TrilaSoft/input_Remember Me_password"), password)
2025-12-02 11:39:01.166 DEBUG testcase.testcase46                      - 4: click(findTestObject("Object Repository/HRIS/Page_Login  TrilaSoft/button_Remember Me_btn btn-primary"))
2025-12-02 11:39:04.935 DEBUG testcase.testcase46                      - 5: title = getWindowTitle()
2025-12-02 11:39:04.944 DEBUG testcase.testcase46                      - 6: println(title)
My Dashboard | TrilaSoft
2025-12-02 11:39:04.944 DEBUG testcase.testcase46                      - 7: assert title == "My Dashboard | TrilaSoft"
2025-12-02 11:39:04.945 DEBUG testcase.testcase46                      - 8: closeBrowser()
2025-12-02 11:39:05.134 INFO  c.k.katalon.core.main.TestCaseExecutor   - END Test Cases/HRIS/SignIn/testcase50
2025-12-02 11:39:05.156 INFO  c.k.katalon.core.main.TestSuiteExecutor  - --------------------
2025-12-02 11:39:05.156 INFO  c.k.katalon.core.main.TestSuiteExecutor  - END Test Suites/TS_10
2025-12-02 11:39:05.156 INFO  c.k.katalon.core.main.TestSuiteExecutor  - ====================
