2025-12-02 11:25:21.276 INFO  c.k.k.c.l.logback.LogbackConfigurator    - Logback default configuration initialized from: C:\Users\Shashi Prasanjit\.katalon\packages\KSE-10.4.0\configuration\org.eclipse.osgi\131\0\.cp\resources\logback\logback-execution.xml
2025-12-02 11:25:21.278 INFO  c.k.k.c.l.logback.LogbackConfigurator    - Logback custom configuration initialized from: C:\Users\Shashi Prasanjit\Katalon Studio\HRIS\Include\config\log.properties
2025-12-02 11:25:21.379 INFO  c.k.katalon.core.main.TestSuiteExecutor  - START Test Suites/TS_10
2025-12-02 11:25:21.523 INFO  c.k.katalon.core.main.TestSuiteExecutor  - userFullName = Shashi Prakash
2025-12-02 11:25:21.524 INFO  c.k.katalon.core.main.TestSuiteExecutor  - projectName = HRIS
2025-12-02 11:25:21.525 INFO  c.k.katalon.core.main.TestSuiteExecutor  - hostName = Shashi Prasanjit - 192.168.1.3
2025-12-02 11:25:21.525 INFO  c.k.katalon.core.main.TestSuiteExecutor  - os = Windows 11 64bit
2025-12-02 11:25:21.526 INFO  c.k.katalon.core.main.TestSuiteExecutor  - hostAddress = 192.168.1.3
2025-12-02 11:25:21.526 INFO  c.k.katalon.core.main.TestSuiteExecutor  - katalonVersion = 10.4.0.0
2025-12-02 11:25:22.043 INFO  c.k.katalon.core.main.TestCaseExecutor   - --------------------
2025-12-02 11:25:22.043 INFO  c.k.katalon.core.main.TestCaseExecutor   - START Test Cases/HRIS/SignIn/testcase46
2025-12-02 11:25:22.365 DEBUG testcase.testcase46                      - 1: openBrowser("https://qahris.trilasoft.com/")
2025-12-02 11:25:22.603 INFO  c.k.k.core.webui.driver.DriverFactory    - Starting 'Chrome' driver
2025-12-02 11:25:22.669 INFO  c.k.k.core.webui.driver.DriverFactory    - Action delay is set to 0 milliseconds
Dec 02, 2025 11:25:23 AM org.openqa.selenium.devtools.CdpVersionFinder findNearestMatch
WARNING: Unable to find an exact match for CDP version 142, returning the closest version; found: 138; Please update to a Selenium version that supports CDP version 142
2025-12-02 11:25:24.183 INFO  c.k.k.core.webui.driver.DriverFactory    - sessionId = f1292ccf29a8380a4b1997255ce15e1a
2025-12-02 11:25:24.184 INFO  c.k.k.core.webui.driver.DriverFactory    - browser = Chrome 142.0.7444.176
2025-12-02 11:25:24.184 INFO  c.k.k.core.webui.driver.DriverFactory    - platform = Windows 11
2025-12-02 11:25:24.184 INFO  c.k.k.core.webui.driver.DriverFactory    - seleniumVersion = 4.28.1
2025-12-02 11:25:24.193 INFO  c.k.k.core.webui.driver.DriverFactory    - proxyInformation = ProxyInformation { proxyOption=NO_PROXY, proxyServerType=HTTP, username=, password=********, proxyServerAddress=, proxyServerPort=0, executionList="", isApplyToDesiredCapabilities=true }
2025-12-02 11:25:24.714 DEBUG testcase.testcase46                      - 2: setText(findTestObject("Object Repository/HRIS/Page_Login  TrilaSoft/input_Remember Me_email"), username)
2025-12-02 11:25:25.657 DEBUG testcase.testcase46                      - 3: setEncryptedText(findTestObject("Object Repository/HRIS/Page_Login  TrilaSoft/input_Remember Me_password"), password)
2025-12-02 11:25:26.019 DEBUG testcase.testcase46                      - 4: click(findTestObject("Object Repository/HRIS/Page_Login  TrilaSoft/button_Remember Me_btn btn-primary"))
2025-12-02 11:25:29.763 DEBUG testcase.testcase46                      - 5: title = getWindowTitle()
2025-12-02 11:25:29.798 DEBUG testcase.testcase46                      - 6: println(title)
My Dashboard | TrilaSoft
2025-12-02 11:25:29.805 DEBUG testcase.testcase46                      - 7: assert title == "My Dashboard | TrilaSoft"
2025-12-02 11:25:29.807 DEBUG testcase.testcase46                      - 8: closeBrowser()
2025-12-02 11:25:30.005 INFO  c.k.katalon.core.main.TestCaseExecutor   - END Test Cases/HRIS/SignIn/testcase46
2025-12-02 11:25:30.022 INFO  c.k.katalon.core.main.TestCaseExecutor   - --------------------
2025-12-02 11:25:30.022 INFO  c.k.katalon.core.main.TestCaseExecutor   - START Test Cases/HRIS/SignIn/testcase47
2025-12-02 11:25:30.032 DEBUG testcase.testcase46                      - 1: openBrowser("https://qahris.trilasoft.com/")
2025-12-02 11:25:30.035 INFO  c.k.k.core.webui.driver.DriverFactory    - Starting 'Chrome' driver
2025-12-02 11:25:30.036 INFO  c.k.k.core.webui.driver.DriverFactory    - Action delay is set to 0 milliseconds
Dec 02, 2025 11:25:30 AM org.openqa.selenium.devtools.CdpVersionFinder findNearestMatch
WARNING: Unable to find an exact match for CDP version 142, returning the closest version; found: 138; Please update to a Selenium version that supports CDP version 142
2025-12-02 11:25:30.747 INFO  c.k.k.core.webui.driver.DriverFactory    - sessionId = 0a546bde6d1081d3b35c9c83a665c5bf
2025-12-02 11:25:30.748 INFO  c.k.k.core.webui.driver.DriverFactory    - browser = Chrome 142.0.7444.176
2025-12-02 11:25:30.748 INFO  c.k.k.core.webui.driver.DriverFactory    - platform = Windows 11
2025-12-02 11:25:30.748 INFO  c.k.k.core.webui.driver.DriverFactory    - seleniumVersion = 4.28.1
2025-12-02 11:25:30.749 INFO  c.k.k.core.webui.driver.DriverFactory    - proxyInformation = ProxyInformation { proxyOption=NO_PROXY, proxyServerType=HTTP, username=, password=********, proxyServerAddress=, proxyServerPort=0, executionList="", isApplyToDesiredCapabilities=true }
2025-12-02 11:25:31.482 DEBUG testcase.testcase46                      - 2: setText(findTestObject("Object Repository/HRIS/Page_Login  TrilaSoft/input_Remember Me_email"), username)
2025-12-02 11:25:32.317 DEBUG testcase.testcase46                      - 3: setEncryptedText(findTestObject("Object Repository/HRIS/Page_Login  TrilaSoft/input_Remember Me_password"), password)
2025-12-02 11:25:32.652 DEBUG testcase.testcase46                      - 4: click(findTestObject("Object Repository/HRIS/Page_Login  TrilaSoft/button_Remember Me_btn btn-primary"))
2025-12-02 11:25:36.310 DEBUG testcase.testcase46                      - 5: title = getWindowTitle()
2025-12-02 11:25:36.329 DEBUG testcase.testcase46                      - 6: println(title)
My Dashboard | TrilaSoft
2025-12-02 11:25:36.331 DEBUG testcase.testcase46                      - 7: assert title == "My Dashboard | TrilaSoft"
2025-12-02 11:25:36.332 DEBUG testcase.testcase46                      - 8: closeBrowser()
2025-12-02 11:25:36.470 INFO  c.k.katalon.core.main.TestCaseExecutor   - END Test Cases/HRIS/SignIn/testcase47
2025-12-02 11:25:36.488 INFO  c.k.katalon.core.main.TestCaseExecutor   - --------------------
2025-12-02 11:25:36.488 INFO  c.k.katalon.core.main.TestCaseExecutor   - START Test Cases/HRIS/SignIn/testcase48
2025-12-02 11:25:36.497 DEBUG testcase.testcase46                      - 1: openBrowser("https://qahris.trilasoft.com/")
2025-12-02 11:25:36.499 INFO  c.k.k.core.webui.driver.DriverFactory    - Starting 'Chrome' driver
2025-12-02 11:25:36.501 INFO  c.k.k.core.webui.driver.DriverFactory    - Action delay is set to 0 milliseconds
Dec 02, 2025 11:25:37 AM org.openqa.selenium.devtools.CdpVersionFinder findNearestMatch
WARNING: Unable to find an exact match for CDP version 142, returning the closest version; found: 138; Please update to a Selenium version that supports CDP version 142
2025-12-02 11:25:37.245 INFO  c.k.k.core.webui.driver.DriverFactory    - sessionId = e73f1bffd2d756959876dfc162d5a230
2025-12-02 11:25:37.245 INFO  c.k.k.core.webui.driver.DriverFactory    - browser = Chrome 142.0.7444.176
2025-12-02 11:25:37.246 INFO  c.k.k.core.webui.driver.DriverFactory    - platform = Windows 11
2025-12-02 11:25:37.246 INFO  c.k.k.core.webui.driver.DriverFactory    - seleniumVersion = 4.28.1
2025-12-02 11:25:37.246 INFO  c.k.k.core.webui.driver.DriverFactory    - proxyInformation = ProxyInformation { proxyOption=NO_PROXY, proxyServerType=HTTP, username=, password=********, proxyServerAddress=, proxyServerPort=0, executionList="", isApplyToDesiredCapabilities=true }
2025-12-02 11:25:38.011 DEBUG testcase.testcase46                      - 2: setText(findTestObject("Object Repository/HRIS/Page_Login  TrilaSoft/input_Remember Me_email"), username)
2025-12-02 11:25:38.844 DEBUG testcase.testcase46                      - 3: setEncryptedText(findTestObject("Object Repository/HRIS/Page_Login  TrilaSoft/input_Remember Me_password"), password)
2025-12-02 11:25:39.198 DEBUG testcase.testcase46                      - 4: click(findTestObject("Object Repository/HRIS/Page_Login  TrilaSoft/button_Remember Me_btn btn-primary"))
2025-12-02 11:25:42.239 DEBUG testcase.testcase46                      - 5: title = getWindowTitle()
2025-12-02 11:25:42.261 DEBUG testcase.testcase46                      - 6: println(title)
My Dashboard | TrilaSoft
2025-12-02 11:25:42.263 DEBUG testcase.testcase46                      - 7: assert title == "My Dashboard | TrilaSoft"
2025-12-02 11:25:42.263 DEBUG testcase.testcase46                      - 8: closeBrowser()
2025-12-02 11:25:42.438 INFO  c.k.katalon.core.main.TestCaseExecutor   - END Test Cases/HRIS/SignIn/testcase48
2025-12-02 11:25:42.458 INFO  c.k.katalon.core.main.TestCaseExecutor   - --------------------
2025-12-02 11:25:42.458 INFO  c.k.katalon.core.main.TestCaseExecutor   - START Test Cases/HRIS/SignIn/testcase49
2025-12-02 11:25:42.466 DEBUG testcase.testcase46                      - 1: openBrowser("https://qahris.trilasoft.com/")
2025-12-02 11:25:42.468 INFO  c.k.k.core.webui.driver.DriverFactory    - Starting 'Chrome' driver
2025-12-02 11:25:42.469 INFO  c.k.k.core.webui.driver.DriverFactory    - Action delay is set to 0 milliseconds
Dec 02, 2025 11:25:43 AM org.openqa.selenium.devtools.CdpVersionFinder findNearestMatch
WARNING: Unable to find an exact match for CDP version 142, returning the closest version; found: 138; Please update to a Selenium version that supports CDP version 142
2025-12-02 11:25:43.233 INFO  c.k.k.core.webui.driver.DriverFactory    - sessionId = 1d6ef0ca925f3c1167c0ea217109dd20
2025-12-02 11:25:43.234 INFO  c.k.k.core.webui.driver.DriverFactory    - browser = Chrome 142.0.7444.176
2025-12-02 11:25:43.234 INFO  c.k.k.core.webui.driver.DriverFactory    - platform = Windows 11
2025-12-02 11:25:43.234 INFO  c.k.k.core.webui.driver.DriverFactory    - seleniumVersion = 4.28.1
2025-12-02 11:25:43.235 INFO  c.k.k.core.webui.driver.DriverFactory    - proxyInformation = ProxyInformation { proxyOption=NO_PROXY, proxyServerType=HTTP, username=, password=********, proxyServerAddress=, proxyServerPort=0, executionList="", isApplyToDesiredCapabilities=true }
2025-12-02 11:25:43.688 DEBUG testcase.testcase46                      - 2: setText(findTestObject("Object Repository/HRIS/Page_Login  TrilaSoft/input_Remember Me_email"), username)
2025-12-02 11:25:44.531 DEBUG testcase.testcase46                      - 3: setEncryptedText(findTestObject("Object Repository/HRIS/Page_Login  TrilaSoft/input_Remember Me_password"), password)
2025-12-02 11:25:44.833 DEBUG testcase.testcase46                      - 4: click(findTestObject("Object Repository/HRIS/Page_Login  TrilaSoft/button_Remember Me_btn btn-primary"))
2025-12-02 11:25:48.292 DEBUG testcase.testcase46                      - 5: title = getWindowTitle()
2025-12-02 11:25:48.306 DEBUG testcase.testcase46                      - 6: println(title)
My Dashboard | TrilaSoft
2025-12-02 11:25:48.307 DEBUG testcase.testcase46                      - 7: assert title == "My Dashboard | TrilaSoft"
2025-12-02 11:25:48.307 DEBUG testcase.testcase46                      - 8: closeBrowser()
2025-12-02 11:25:48.497 INFO  c.k.katalon.core.main.TestCaseExecutor   - END Test Cases/HRIS/SignIn/testcase49
2025-12-02 11:25:48.519 INFO  c.k.katalon.core.main.TestCaseExecutor   - --------------------
2025-12-02 11:25:48.519 INFO  c.k.katalon.core.main.TestCaseExecutor   - START Test Cases/HRIS/SignIn/testcase50
2025-12-02 11:25:48.528 DEBUG testcase.testcase46                      - 1: openBrowser("https://qahris.trilasoft.com/")
2025-12-02 11:25:48.530 INFO  c.k.k.core.webui.driver.DriverFactory    - Starting 'Chrome' driver
2025-12-02 11:25:48.531 INFO  c.k.k.core.webui.driver.DriverFactory    - Action delay is set to 0 milliseconds
Dec 02, 2025 11:25:49 AM org.openqa.selenium.devtools.CdpVersionFinder findNearestMatch
WARNING: Unable to find an exact match for CDP version 142, returning the closest version; found: 138; Please update to a Selenium version that supports CDP version 142
2025-12-02 11:25:49.271 INFO  c.k.k.core.webui.driver.DriverFactory    - sessionId = 75baa92f79e8d4be7721091c94decb2c
2025-12-02 11:25:49.272 INFO  c.k.k.core.webui.driver.DriverFactory    - browser = Chrome 142.0.7444.176
2025-12-02 11:25:49.272 INFO  c.k.k.core.webui.driver.DriverFactory    - platform = Windows 11
2025-12-02 11:25:49.272 INFO  c.k.k.core.webui.driver.DriverFactory    - seleniumVersion = 4.28.1
2025-12-02 11:25:49.272 INFO  c.k.k.core.webui.driver.DriverFactory    - proxyInformation = ProxyInformation { proxyOption=NO_PROXY, proxyServerType=HTTP, username=, password=********, proxyServerAddress=, proxyServerPort=0, executionList="", isApplyToDesiredCapabilities=true }
2025-12-02 11:25:49.806 DEBUG testcase.testcase46                      - 2: setText(findTestObject("Object Repository/HRIS/Page_Login  TrilaSoft/input_Remember Me_email"), username)
2025-12-02 11:25:50.639 DEBUG testcase.testcase46                      - 3: setEncryptedText(findTestObject("Object Repository/HRIS/Page_Login  TrilaSoft/input_Remember Me_password"), password)
2025-12-02 11:25:50.974 DEBUG testcase.testcase46                      - 4: click(findTestObject("Object Repository/HRIS/Page_Login  TrilaSoft/button_Remember Me_btn btn-primary"))
2025-12-02 11:25:54.207 DEBUG testcase.testcase46                      - 5: title = getWindowTitle()
2025-12-02 11:25:54.218 DEBUG testcase.testcase46                      - 6: println(title)
My Dashboard | TrilaSoft
2025-12-02 11:25:54.219 DEBUG testcase.testcase46                      - 7: assert title == "My Dashboard | TrilaSoft"
2025-12-02 11:25:54.220 DEBUG testcase.testcase46                      - 8: closeBrowser()
2025-12-02 11:25:54.425 INFO  c.k.katalon.core.main.TestCaseExecutor   - END Test Cases/HRIS/SignIn/testcase50
2025-12-02 11:25:54.453 INFO  c.k.katalon.core.main.TestSuiteExecutor  - --------------------
2025-12-02 11:25:54.453 INFO  c.k.katalon.core.main.TestSuiteExecutor  - END Test Suites/TS_10
2025-12-02 11:25:54.453 INFO  c.k.katalon.core.main.TestSuiteExecutor  - ====================
