2025-12-02 11:20:02.494 INFO  c.k.k.c.l.logback.LogbackConfigurator    - Logback default configuration initialized from: C:\Users\Shashi Prasanjit\.katalon\packages\KSE-10.4.0\configuration\org.eclipse.osgi\131\0\.cp\resources\logback\logback-execution.xml
2025-12-02 11:20:02.499 INFO  c.k.k.c.l.logback.LogbackConfigurator    - Logback custom configuration initialized from: C:\Users\Shashi Prasanjit\Katalon Studio\HRIS\Include\config\log.properties
2025-12-02 11:20:02.616 INFO  c.k.katalon.core.main.TestSuiteExecutor  - START Test Suites/TS_05
2025-12-02 11:20:02.756 INFO  c.k.katalon.core.main.TestSuiteExecutor  - userFullName = Shashi Prakash
2025-12-02 11:20:02.758 INFO  c.k.katalon.core.main.TestSuiteExecutor  - projectName = HRIS
2025-12-02 11:20:02.758 INFO  c.k.katalon.core.main.TestSuiteExecutor  - hostName = Shashi Prasanjit - 192.168.1.3
2025-12-02 11:20:02.759 INFO  c.k.katalon.core.main.TestSuiteExecutor  - os = Windows 11 64bit
2025-12-02 11:20:02.761 INFO  c.k.katalon.core.main.TestSuiteExecutor  - hostAddress = 192.168.1.3
2025-12-02 11:20:02.762 INFO  c.k.katalon.core.main.TestSuiteExecutor  - katalonVersion = 10.4.0.0
2025-12-02 11:20:03.295 INFO  c.k.katalon.core.main.TestCaseExecutor   - --------------------
2025-12-02 11:20:03.295 INFO  c.k.katalon.core.main.TestCaseExecutor   - START Test Cases/HRIS/SignIn/testcase21
2025-12-02 11:20:03.621 DEBUG testcase.testcase21                      - 1: openBrowser("https://qahris.trilasoft.com/")
2025-12-02 11:20:04.042 INFO  c.k.k.core.webui.driver.DriverFactory    - Starting 'Chrome' driver
2025-12-02 11:20:04.195 INFO  c.k.k.core.webui.driver.DriverFactory    - Action delay is set to 0 milliseconds
Dec 02, 2025 11:20:06 AM org.openqa.selenium.devtools.CdpVersionFinder findNearestMatch
WARNING: Unable to find an exact match for CDP version 142, returning the closest version; found: 138; Please update to a Selenium version that supports CDP version 142
2025-12-02 11:20:07.900 INFO  c.k.k.core.webui.driver.DriverFactory    - sessionId = 3eb32e3c16e869dd36acd19540dc6553
2025-12-02 11:20:07.903 INFO  c.k.k.core.webui.driver.DriverFactory    - browser = Chrome 142.0.7444.176
2025-12-02 11:20:07.904 INFO  c.k.k.core.webui.driver.DriverFactory    - platform = Windows 11
2025-12-02 11:20:07.908 INFO  c.k.k.core.webui.driver.DriverFactory    - seleniumVersion = 4.28.1
2025-12-02 11:20:07.957 INFO  c.k.k.core.webui.driver.DriverFactory    - proxyInformation = ProxyInformation { proxyOption=NO_PROXY, proxyServerType=HTTP, username=, password=********, proxyServerAddress=, proxyServerPort=0, executionList="", isApplyToDesiredCapabilities=true }
2025-12-02 11:20:08.474 DEBUG testcase.testcase21                      - 2: setText(findTestObject("Object Repository/HRIS/Page_Login  TrilaSoft/input_Remember Me_email"), username)
2025-12-02 11:20:10.562 DEBUG testcase.testcase21                      - 3: setEncryptedText(findTestObject("Object Repository/HRIS/Page_Login  TrilaSoft/input_Remember Me_password"), password)
2025-12-02 11:20:11.441 DEBUG testcase.testcase21                      - 4: click(findTestObject("Object Repository/HRIS/Page_Login  TrilaSoft/button_Remember Me_btn btn-primary"))
2025-12-02 11:20:15.630 DEBUG testcase.testcase21                      - 5: title = getWindowTitle()
2025-12-02 11:20:15.690 DEBUG testcase.testcase21                      - 6: println(title)
My Dashboard | TrilaSoft
2025-12-02 11:20:15.706 DEBUG testcase.testcase21                      - 7: assert title == "My Dashboard | TrilaSoft"
2025-12-02 11:20:15.714 DEBUG testcase.testcase21                      - 8: closeBrowser()
2025-12-02 11:20:16.089 INFO  c.k.katalon.core.main.TestCaseExecutor   - END Test Cases/HRIS/SignIn/testcase21
2025-12-02 11:20:16.124 INFO  c.k.katalon.core.main.TestCaseExecutor   - --------------------
2025-12-02 11:20:16.124 INFO  c.k.katalon.core.main.TestCaseExecutor   - START Test Cases/HRIS/SignIn/testcase22
2025-12-02 11:20:16.175 DEBUG testcase.testcase21                      - 1: openBrowser("https://qahris.trilasoft.com/")
2025-12-02 11:20:16.183 INFO  c.k.k.core.webui.driver.DriverFactory    - Starting 'Chrome' driver
2025-12-02 11:20:16.189 INFO  c.k.k.core.webui.driver.DriverFactory    - Action delay is set to 0 milliseconds
Dec 02, 2025 11:20:17 AM org.openqa.selenium.devtools.CdpVersionFinder findNearestMatch
WARNING: Unable to find an exact match for CDP version 142, returning the closest version; found: 138; Please update to a Selenium version that supports CDP version 142
2025-12-02 11:20:17.652 INFO  c.k.k.core.webui.driver.DriverFactory    - sessionId = 55816ee3b9cb0af4d5b2cfcab92f8168
2025-12-02 11:20:17.653 INFO  c.k.k.core.webui.driver.DriverFactory    - browser = Chrome 142.0.7444.176
2025-12-02 11:20:17.654 INFO  c.k.k.core.webui.driver.DriverFactory    - platform = Windows 11
2025-12-02 11:20:17.659 INFO  c.k.k.core.webui.driver.DriverFactory    - seleniumVersion = 4.28.1
2025-12-02 11:20:17.660 INFO  c.k.k.core.webui.driver.DriverFactory    - proxyInformation = ProxyInformation { proxyOption=NO_PROXY, proxyServerType=HTTP, username=, password=********, proxyServerAddress=, proxyServerPort=0, executionList="", isApplyToDesiredCapabilities=true }
2025-12-02 11:20:18.046 DEBUG testcase.testcase21                      - 2: setText(findTestObject("Object Repository/HRIS/Page_Login  TrilaSoft/input_Remember Me_email"), username)
2025-12-02 11:20:19.599 DEBUG testcase.testcase21                      - 3: setEncryptedText(findTestObject("Object Repository/HRIS/Page_Login  TrilaSoft/input_Remember Me_password"), password)
2025-12-02 11:20:20.125 DEBUG testcase.testcase21                      - 4: click(findTestObject("Object Repository/HRIS/Page_Login  TrilaSoft/button_Remember Me_btn btn-primary"))
2025-12-02 11:20:24.605 DEBUG testcase.testcase21                      - 5: title = getWindowTitle()
2025-12-02 11:20:24.634 DEBUG testcase.testcase21                      - 6: println(title)
My Dashboard | TrilaSoft
2025-12-02 11:20:24.646 DEBUG testcase.testcase21                      - 7: assert title == "My Dashboard | TrilaSoft"
2025-12-02 11:20:24.650 DEBUG testcase.testcase21                      - 8: closeBrowser()
2025-12-02 11:20:25.215 INFO  c.k.katalon.core.main.TestCaseExecutor   - END Test Cases/HRIS/SignIn/testcase22
2025-12-02 11:20:25.288 INFO  c.k.katalon.core.main.TestCaseExecutor   - --------------------
2025-12-02 11:20:25.290 INFO  c.k.katalon.core.main.TestCaseExecutor   - START Test Cases/HRIS/SignIn/testcase23
2025-12-02 11:20:25.325 DEBUG testcase.testcase21                      - 1: openBrowser("https://qahris.trilasoft.com/")
2025-12-02 11:20:25.329 INFO  c.k.k.core.webui.driver.DriverFactory    - Starting 'Chrome' driver
2025-12-02 11:20:25.332 INFO  c.k.k.core.webui.driver.DriverFactory    - Action delay is set to 0 milliseconds
Dec 02, 2025 11:20:26 AM org.openqa.selenium.devtools.CdpVersionFinder findNearestMatch
WARNING: Unable to find an exact match for CDP version 142, returning the closest version; found: 138; Please update to a Selenium version that supports CDP version 142
2025-12-02 11:20:26.922 INFO  c.k.k.core.webui.driver.DriverFactory    - sessionId = a79034a5737dd5386ac5ec93c32aebde
2025-12-02 11:20:26.924 INFO  c.k.k.core.webui.driver.DriverFactory    - browser = Chrome 142.0.7444.176
2025-12-02 11:20:26.925 INFO  c.k.k.core.webui.driver.DriverFactory    - platform = Windows 11
2025-12-02 11:20:26.928 INFO  c.k.k.core.webui.driver.DriverFactory    - seleniumVersion = 4.28.1
2025-12-02 11:20:26.930 INFO  c.k.k.core.webui.driver.DriverFactory    - proxyInformation = ProxyInformation { proxyOption=NO_PROXY, proxyServerType=HTTP, username=, password=********, proxyServerAddress=, proxyServerPort=0, executionList="", isApplyToDesiredCapabilities=true }
2025-12-02 11:20:27.613 DEBUG testcase.testcase21                      - 2: setText(findTestObject("Object Repository/HRIS/Page_Login  TrilaSoft/input_Remember Me_email"), username)
2025-12-02 11:20:28.836 DEBUG testcase.testcase21                      - 3: setEncryptedText(findTestObject("Object Repository/HRIS/Page_Login  TrilaSoft/input_Remember Me_password"), password)
2025-12-02 11:20:29.435 DEBUG testcase.testcase21                      - 4: click(findTestObject("Object Repository/HRIS/Page_Login  TrilaSoft/button_Remember Me_btn btn-primary"))
2025-12-02 11:20:33.315 DEBUG testcase.testcase21                      - 5: title = getWindowTitle()
2025-12-02 11:20:33.351 DEBUG testcase.testcase21                      - 6: println(title)
My Dashboard | TrilaSoft
2025-12-02 11:20:33.352 DEBUG testcase.testcase21                      - 7: assert title == "My Dashboard | TrilaSoft"
2025-12-02 11:20:33.356 DEBUG testcase.testcase21                      - 8: closeBrowser()
2025-12-02 11:20:33.804 INFO  c.k.katalon.core.main.TestCaseExecutor   - END Test Cases/HRIS/SignIn/testcase23
2025-12-02 11:20:33.852 INFO  c.k.katalon.core.main.TestCaseExecutor   - --------------------
2025-12-02 11:20:33.853 INFO  c.k.katalon.core.main.TestCaseExecutor   - START Test Cases/HRIS/SignIn/testcase25
2025-12-02 11:20:33.908 DEBUG testcase.testcase21                      - 1: openBrowser("https://qahris.trilasoft.com/")
2025-12-02 11:20:33.913 INFO  c.k.k.core.webui.driver.DriverFactory    - Starting 'Chrome' driver
2025-12-02 11:20:33.917 INFO  c.k.k.core.webui.driver.DriverFactory    - Action delay is set to 0 milliseconds
Dec 02, 2025 11:20:35 AM org.openqa.selenium.devtools.CdpVersionFinder findNearestMatch
WARNING: Unable to find an exact match for CDP version 142, returning the closest version; found: 138; Please update to a Selenium version that supports CDP version 142
2025-12-02 11:20:35.363 INFO  c.k.k.core.webui.driver.DriverFactory    - sessionId = c96d8c7ec5d120c55420a4e9391b781d
2025-12-02 11:20:35.364 INFO  c.k.k.core.webui.driver.DriverFactory    - browser = Chrome 142.0.7444.176
2025-12-02 11:20:35.365 INFO  c.k.k.core.webui.driver.DriverFactory    - platform = Windows 11
2025-12-02 11:20:35.365 INFO  c.k.k.core.webui.driver.DriverFactory    - seleniumVersion = 4.28.1
2025-12-02 11:20:35.366 INFO  c.k.k.core.webui.driver.DriverFactory    - proxyInformation = ProxyInformation { proxyOption=NO_PROXY, proxyServerType=HTTP, username=, password=********, proxyServerAddress=, proxyServerPort=0, executionList="", isApplyToDesiredCapabilities=true }
2025-12-02 11:20:36.225 DEBUG testcase.testcase21                      - 2: setText(findTestObject("Object Repository/HRIS/Page_Login  TrilaSoft/input_Remember Me_email"), username)
2025-12-02 11:20:37.336 DEBUG testcase.testcase21                      - 3: setEncryptedText(findTestObject("Object Repository/HRIS/Page_Login  TrilaSoft/input_Remember Me_password"), password)
2025-12-02 11:20:37.850 DEBUG testcase.testcase21                      - 4: click(findTestObject("Object Repository/HRIS/Page_Login  TrilaSoft/button_Remember Me_btn btn-primary"))
2025-12-02 11:20:41.954 DEBUG testcase.testcase21                      - 5: title = getWindowTitle()
2025-12-02 11:20:41.990 DEBUG testcase.testcase21                      - 6: println(title)
My Dashboard | TrilaSoft
2025-12-02 11:20:41.993 DEBUG testcase.testcase21                      - 7: assert title == "My Dashboard | TrilaSoft"
2025-12-02 11:20:41.997 DEBUG testcase.testcase21                      - 8: closeBrowser()
2025-12-02 11:20:42.383 INFO  c.k.katalon.core.main.TestCaseExecutor   - END Test Cases/HRIS/SignIn/testcase25
2025-12-02 11:20:42.407 INFO  c.k.katalon.core.main.TestCaseExecutor   - --------------------
2025-12-02 11:20:42.408 INFO  c.k.katalon.core.main.TestCaseExecutor   - START Test Cases/HRIS/SignIn/testcase24
2025-12-02 11:20:42.441 DEBUG testcase.testcase21                      - 1: openBrowser("https://qahris.trilasoft.com/")
2025-12-02 11:20:42.447 INFO  c.k.k.core.webui.driver.DriverFactory    - Starting 'Chrome' driver
2025-12-02 11:20:42.449 INFO  c.k.k.core.webui.driver.DriverFactory    - Action delay is set to 0 milliseconds
Dec 02, 2025 11:20:43 AM org.openqa.selenium.devtools.CdpVersionFinder findNearestMatch
WARNING: Unable to find an exact match for CDP version 142, returning the closest version; found: 138; Please update to a Selenium version that supports CDP version 142
2025-12-02 11:20:43.880 INFO  c.k.k.core.webui.driver.DriverFactory    - sessionId = c11fb0702607f6e4caea86674f4c6f95
2025-12-02 11:20:43.881 INFO  c.k.k.core.webui.driver.DriverFactory    - browser = Chrome 142.0.7444.176
2025-12-02 11:20:43.882 INFO  c.k.k.core.webui.driver.DriverFactory    - platform = Windows 11
2025-12-02 11:20:43.882 INFO  c.k.k.core.webui.driver.DriverFactory    - seleniumVersion = 4.28.1
2025-12-02 11:20:43.882 INFO  c.k.k.core.webui.driver.DriverFactory    - proxyInformation = ProxyInformation { proxyOption=NO_PROXY, proxyServerType=HTTP, username=, password=********, proxyServerAddress=, proxyServerPort=0, executionList="", isApplyToDesiredCapabilities=true }
2025-12-02 11:20:44.604 DEBUG testcase.testcase21                      - 2: setText(findTestObject("Object Repository/HRIS/Page_Login  TrilaSoft/input_Remember Me_email"), username)
2025-12-02 11:20:45.707 DEBUG testcase.testcase21                      - 3: setEncryptedText(findTestObject("Object Repository/HRIS/Page_Login  TrilaSoft/input_Remember Me_password"), password)
2025-12-02 11:20:46.206 DEBUG testcase.testcase21                      - 4: click(findTestObject("Object Repository/HRIS/Page_Login  TrilaSoft/button_Remember Me_btn btn-primary"))
2025-12-02 11:20:50.099 DEBUG testcase.testcase21                      - 5: title = getWindowTitle()
2025-12-02 11:20:50.139 DEBUG testcase.testcase21                      - 6: println(title)
My Dashboard | TrilaSoft
2025-12-02 11:20:50.140 DEBUG testcase.testcase21                      - 7: assert title == "My Dashboard | TrilaSoft"
2025-12-02 11:20:50.143 DEBUG testcase.testcase21                      - 8: closeBrowser()
2025-12-02 11:20:50.527 INFO  c.k.katalon.core.main.TestCaseExecutor   - END Test Cases/HRIS/SignIn/testcase24
2025-12-02 11:20:50.671 INFO  c.k.katalon.core.main.TestSuiteExecutor  - --------------------
2025-12-02 11:20:50.672 INFO  c.k.katalon.core.main.TestSuiteExecutor  - END Test Suites/TS_05
2025-12-02 11:20:50.672 INFO  c.k.katalon.core.main.TestSuiteExecutor  - ====================
