2025-12-21 13:16:41.568 INFO  c.k.k.c.l.logback.LogbackConfigurator    - Logback default configuration initialized from: C:\Users\Shashi Prasanjit\.katalon\packages\KSE-10.4.0\configuration\org.eclipse.osgi\131\0\.cp\resources\logback\logback-execution.xml
2025-12-21 13:16:41.575 INFO  c.k.k.c.l.logback.LogbackConfigurator    - Logback custom configuration initialized from: C:\githubproject\gocopious\HRIS\Include\config\log.properties
2025-12-21 13:16:42.171 INFO  c.k.katalon.core.main.TestSuiteExecutor  - START Test Suites/login
2025-12-21 13:16:43.174 INFO  c.k.katalon.core.main.TestSuiteExecutor  - userFullName = Shashi Prakash
2025-12-21 13:16:43.181 INFO  c.k.katalon.core.main.TestSuiteExecutor  - projectName = HRIS
2025-12-21 13:16:43.185 INFO  c.k.katalon.core.main.TestSuiteExecutor  - hostName = Shashi Prasanjit - Shashi
2025-12-21 13:16:43.187 INFO  c.k.katalon.core.main.TestSuiteExecutor  - os = Windows 11 64bit
2025-12-21 13:16:43.190 INFO  c.k.katalon.core.main.TestSuiteExecutor  - hostAddress = 192.168.1.4
2025-12-21 13:16:43.204 INFO  c.k.katalon.core.main.TestSuiteExecutor  - katalonVersion = 10.4.0.0
2025-12-21 13:16:44.831 INFO  c.k.katalon.core.main.TestCaseExecutor   - --------------------
2025-12-21 13:16:44.832 INFO  c.k.katalon.core.main.TestCaseExecutor   - START Test Cases/HRIS/SignIn/invalid_login
2025-12-21 13:16:45.485 DEBUG testcase.invalid_login                   - 1: openBrowser("https://qahris.trilasoft.com/")
2025-12-21 13:16:46.035 INFO  c.k.k.core.webui.driver.DriverFactory    - Starting 'Chrome' driver
2025-12-21 13:16:46.113 INFO  c.k.k.core.webui.driver.DriverFactory    - Action delay is set to 0 milliseconds
Dec 21, 2025 1:16:48 PM org.openqa.selenium.devtools.CdpVersionFinder findNearestMatch
WARNING: Unable to find CDP implementation matching 143
Dec 21, 2025 1:16:48 PM org.openqa.selenium.chromium.ChromiumDriver lambda$new$4
WARNING: Unable to find version of CDP to use for 143.0.7499.147. You may need to include a dependency on a specific version of the CDP using something similar to `org.seleniumhq.selenium:selenium-devtools-v86:4.28.1` where the version ("v86") matches the version of the chromium-based browser you're using and the version number of the artifact is the same as Selenium's.
2025-12-21 13:16:49.967 INFO  c.k.k.core.webui.driver.DriverFactory    - sessionId = 404ebb7ecd53f3edc6ce1a98257ac4c2
2025-12-21 13:16:49.969 INFO  c.k.k.core.webui.driver.DriverFactory    - browser = Chrome 143.0.7499.147
2025-12-21 13:16:49.971 INFO  c.k.k.core.webui.driver.DriverFactory    - platform = Windows 11
2025-12-21 13:16:49.972 INFO  c.k.k.core.webui.driver.DriverFactory    - seleniumVersion = 4.28.1
2025-12-21 13:16:49.992 INFO  c.k.k.core.webui.driver.DriverFactory    - proxyInformation = ProxyInformation { proxyOption=NO_PROXY, proxyServerType=HTTP, username=, password=********, proxyServerAddress=, proxyServerPort=0, executionList="", isApplyToDesiredCapabilities=true }
2025-12-21 13:16:51.336 DEBUG testcase.invalid_login                   - 2: closeBrowser()
2025-12-21 13:16:51.901 INFO  c.k.katalon.core.main.TestCaseExecutor   - END Test Cases/HRIS/SignIn/invalid_login
2025-12-21 13:16:51.909 INFO  c.k.katalon.core.main.TestCaseExecutor   - --------------------
2025-12-21 13:16:51.909 INFO  c.k.katalon.core.main.TestCaseExecutor   - START Test Cases/HRIS/SignIn/login
2025-12-21 13:16:52.094 DEBUG testcase.login                           - 1: openBrowser("https://qahris.trilasoft.com/")
2025-12-21 13:16:52.102 INFO  c.k.k.core.webui.driver.DriverFactory    - Starting 'Chrome' driver
2025-12-21 13:16:52.105 INFO  c.k.k.core.webui.driver.DriverFactory    - Action delay is set to 0 milliseconds
Dec 21, 2025 1:16:53 PM org.openqa.selenium.devtools.CdpVersionFinder findNearestMatch
WARNING: Unable to find CDP implementation matching 143
Dec 21, 2025 1:16:53 PM org.openqa.selenium.chromium.ChromiumDriver lambda$new$4
WARNING: Unable to find version of CDP to use for 143.0.7499.147. You may need to include a dependency on a specific version of the CDP using something similar to `org.seleniumhq.selenium:selenium-devtools-v86:4.28.1` where the version ("v86") matches the version of the chromium-based browser you're using and the version number of the artifact is the same as Selenium's.
2025-12-21 13:16:53.377 INFO  c.k.k.core.webui.driver.DriverFactory    - sessionId = eae77a62dcb75c6a1d362dd079da1bf4
2025-12-21 13:16:53.378 INFO  c.k.k.core.webui.driver.DriverFactory    - browser = Chrome 143.0.7499.147
2025-12-21 13:16:53.379 INFO  c.k.k.core.webui.driver.DriverFactory    - platform = Windows 11
2025-12-21 13:16:53.380 INFO  c.k.k.core.webui.driver.DriverFactory    - seleniumVersion = 4.28.1
2025-12-21 13:16:53.382 INFO  c.k.k.core.webui.driver.DriverFactory    - proxyInformation = ProxyInformation { proxyOption=NO_PROXY, proxyServerType=HTTP, username=, password=********, proxyServerAddress=, proxyServerPort=0, executionList="", isApplyToDesiredCapabilities=true }
2025-12-21 13:16:54.195 DEBUG testcase.login                           - 2: setText(findTestObject("Object Repository/HRIS/Page_Login  TrilaSoft/input_Remember Me_email"), username)
2025-12-21 13:16:56.089 DEBUG testcase.login                           - 3: setEncryptedText(findTestObject("Object Repository/HRIS/Page_Login  TrilaSoft/input_Remember Me_password"), password)
2025-12-21 13:16:57.013 DEBUG testcase.login                           - 4: click(findTestObject("Object Repository/HRIS/Page_Login  TrilaSoft/button_Remember Me_btn btn-primary"))
2025-12-21 13:17:01.672 DEBUG testcase.login                           - 5: title = getWindowTitle()
2025-12-21 13:17:01.747 DEBUG testcase.login                           - 6: println(title)
My Dashboard | TrilaSoft
2025-12-21 13:17:01.775 DEBUG testcase.login                           - 7: assert title == "My Dashboard | TrilaSoft"
2025-12-21 13:17:01.785 DEBUG testcase.login                           - 8: closeBrowser()
2025-12-21 13:17:02.282 INFO  c.k.katalon.core.main.TestCaseExecutor   - END Test Cases/HRIS/SignIn/login
2025-12-21 13:17:02.392 INFO  c.k.katalon.core.main.TestSuiteExecutor  - --------------------
2025-12-21 13:17:02.392 INFO  c.k.katalon.core.main.TestSuiteExecutor  - END Test Suites/login
2025-12-21 13:17:02.392 INFO  c.k.katalon.core.main.TestSuiteExecutor  - ====================
