2025-12-02 11:40:21.152 INFO  c.k.k.c.l.logback.LogbackConfigurator    - Logback default configuration initialized from: C:\Users\Shashi Prasanjit\.katalon\packages\KSE-10.4.0\configuration\org.eclipse.osgi\131\0\.cp\resources\logback\logback-execution.xml
2025-12-02 11:40:21.155 INFO  c.k.k.c.l.logback.LogbackConfigurator    - Logback custom configuration initialized from: C:\Users\Shashi Prasanjit\Katalon Studio\HRIS\Include\config\log.properties
2025-12-02 11:40:21.274 INFO  c.k.katalon.core.main.TestSuiteExecutor  - START Test Suites/TS_01
2025-12-02 11:40:21.377 INFO  c.k.katalon.core.main.TestSuiteExecutor  - userFullName = Shashi Prakash
2025-12-02 11:40:21.378 INFO  c.k.katalon.core.main.TestSuiteExecutor  - projectName = HRIS
2025-12-02 11:40:21.379 INFO  c.k.katalon.core.main.TestSuiteExecutor  - hostName = Shashi Prasanjit - 192.168.1.3
2025-12-02 11:40:21.379 INFO  c.k.katalon.core.main.TestSuiteExecutor  - os = Windows 11 64bit
2025-12-02 11:40:21.379 INFO  c.k.katalon.core.main.TestSuiteExecutor  - hostAddress = 192.168.1.3
2025-12-02 11:40:21.380 INFO  c.k.katalon.core.main.TestSuiteExecutor  - katalonVersion = 10.4.0.0
2025-12-02 11:40:21.888 INFO  c.k.katalon.core.main.TestCaseExecutor   - --------------------
2025-12-02 11:40:21.888 INFO  c.k.katalon.core.main.TestCaseExecutor   - START Test Cases/HRIS/SignIn/testcase1
2025-12-02 11:40:22.209 DEBUG testcase.testcase1                       - 1: openBrowser("https://qahris.trilasoft.com/")
2025-12-02 11:40:22.456 INFO  c.k.k.core.webui.driver.DriverFactory    - Starting 'Chrome' driver
2025-12-02 11:40:22.519 INFO  c.k.k.core.webui.driver.DriverFactory    - Action delay is set to 0 milliseconds
Dec 02, 2025 11:40:23 AM org.openqa.selenium.devtools.CdpVersionFinder findNearestMatch
WARNING: Unable to find an exact match for CDP version 142, returning the closest version; found: 138; Please update to a Selenium version that supports CDP version 142
2025-12-02 11:40:24.051 INFO  c.k.k.core.webui.driver.DriverFactory    - sessionId = b16175438ed8f1929d40cdf5c41df02b
2025-12-02 11:40:24.052 INFO  c.k.k.core.webui.driver.DriverFactory    - browser = Chrome 142.0.7444.176
2025-12-02 11:40:24.053 INFO  c.k.k.core.webui.driver.DriverFactory    - platform = Windows 11
2025-12-02 11:40:24.053 INFO  c.k.k.core.webui.driver.DriverFactory    - seleniumVersion = 4.28.1
2025-12-02 11:40:24.064 INFO  c.k.k.core.webui.driver.DriverFactory    - proxyInformation = ProxyInformation { proxyOption=NO_PROXY, proxyServerType=HTTP, username=, password=********, proxyServerAddress=, proxyServerPort=0, executionList="", isApplyToDesiredCapabilities=true }
2025-12-02 11:40:24.717 DEBUG testcase.testcase1                       - 2: setText(findTestObject("Object Repository/HRIS/Page_Login  TrilaSoft/input_Remember Me_email"), username)
2025-12-02 11:40:25.608 DEBUG testcase.testcase1                       - 3: setEncryptedText(findTestObject("Object Repository/HRIS/Page_Login  TrilaSoft/input_Remember Me_password"), password)
2025-12-02 11:40:25.948 DEBUG testcase.testcase1                       - 4: click(findTestObject("Object Repository/HRIS/Page_Login  TrilaSoft/button_Remember Me_btn btn-primary"))
2025-12-02 11:40:26.316 DEBUG testcase.testcase1                       - 5: title = getWindowTitle()
2025-12-02 11:40:29.585 DEBUG testcase.testcase1                       - 6: println(title)
My Dashboard | TrilaSoft
2025-12-02 11:40:29.588 DEBUG testcase.testcase1                       - 7: assert title == "My Dashboard | TrilaSoft"
2025-12-02 11:40:29.593 DEBUG testcase.testcase1                       - 8: closeBrowser()
2025-12-02 11:40:29.778 INFO  c.k.katalon.core.main.TestCaseExecutor   - END Test Cases/HRIS/SignIn/testcase1
2025-12-02 11:40:29.786 INFO  c.k.katalon.core.main.TestCaseExecutor   - --------------------
2025-12-02 11:40:29.786 INFO  c.k.katalon.core.main.TestCaseExecutor   - START Test Cases/HRIS/SignIn/testcase2
2025-12-02 11:40:29.796 DEBUG testcase.testcase1                       - 1: openBrowser("https://qahris.trilasoft.com/")
2025-12-02 11:40:29.799 INFO  c.k.k.core.webui.driver.DriverFactory    - Starting 'Chrome' driver
2025-12-02 11:40:29.801 INFO  c.k.k.core.webui.driver.DriverFactory    - Action delay is set to 0 milliseconds
Dec 02, 2025 11:40:30 AM org.openqa.selenium.devtools.CdpVersionFinder findNearestMatch
WARNING: Unable to find an exact match for CDP version 142, returning the closest version; found: 138; Please update to a Selenium version that supports CDP version 142
2025-12-02 11:40:30.562 INFO  c.k.k.core.webui.driver.DriverFactory    - sessionId = c8f36fcf04ec01429021afe391e2d0b6
2025-12-02 11:40:30.563 INFO  c.k.k.core.webui.driver.DriverFactory    - browser = Chrome 142.0.7444.176
2025-12-02 11:40:30.563 INFO  c.k.k.core.webui.driver.DriverFactory    - platform = Windows 11
2025-12-02 11:40:30.563 INFO  c.k.k.core.webui.driver.DriverFactory    - seleniumVersion = 4.28.1
2025-12-02 11:40:30.564 INFO  c.k.k.core.webui.driver.DriverFactory    - proxyInformation = ProxyInformation { proxyOption=NO_PROXY, proxyServerType=HTTP, username=, password=********, proxyServerAddress=, proxyServerPort=0, executionList="", isApplyToDesiredCapabilities=true }
2025-12-02 11:40:31.085 DEBUG testcase.testcase1                       - 2: setText(findTestObject("Object Repository/HRIS/Page_Login  TrilaSoft/input_Remember Me_email"), username)
2025-12-02 11:40:31.972 DEBUG testcase.testcase1                       - 3: setEncryptedText(findTestObject("Object Repository/HRIS/Page_Login  TrilaSoft/input_Remember Me_password"), password)
2025-12-02 11:40:32.383 DEBUG testcase.testcase1                       - 4: click(findTestObject("Object Repository/HRIS/Page_Login  TrilaSoft/button_Remember Me_btn btn-primary"))
2025-12-02 11:40:35.880 DEBUG testcase.testcase1                       - 5: title = getWindowTitle()
2025-12-02 11:40:35.893 DEBUG testcase.testcase1                       - 6: println(title)
My Dashboard | TrilaSoft
2025-12-02 11:40:35.894 DEBUG testcase.testcase1                       - 7: assert title == "My Dashboard | TrilaSoft"
2025-12-02 11:40:35.897 DEBUG testcase.testcase1                       - 8: closeBrowser()
2025-12-02 11:40:36.031 INFO  c.k.katalon.core.main.TestCaseExecutor   - END Test Cases/HRIS/SignIn/testcase2
2025-12-02 11:40:36.033 INFO  c.k.katalon.core.main.TestCaseExecutor   - --------------------
2025-12-02 11:40:36.033 INFO  c.k.katalon.core.main.TestCaseExecutor   - START Test Cases/HRIS/SignIn/testcase3
2025-12-02 11:40:36.044 DEBUG testcase.testcase1                       - 1: openBrowser("https://qahris.trilasoft.com/")
2025-12-02 11:40:36.047 INFO  c.k.k.core.webui.driver.DriverFactory    - Starting 'Chrome' driver
2025-12-02 11:40:36.048 INFO  c.k.k.core.webui.driver.DriverFactory    - Action delay is set to 0 milliseconds
Dec 02, 2025 11:40:36 AM org.openqa.selenium.devtools.CdpVersionFinder findNearestMatch
WARNING: Unable to find an exact match for CDP version 142, returning the closest version; found: 138; Please update to a Selenium version that supports CDP version 142
2025-12-02 11:40:36.833 INFO  c.k.k.core.webui.driver.DriverFactory    - sessionId = 25b9e11958fa8399cee30de0198486f3
2025-12-02 11:40:36.834 INFO  c.k.k.core.webui.driver.DriverFactory    - browser = Chrome 142.0.7444.176
2025-12-02 11:40:36.834 INFO  c.k.k.core.webui.driver.DriverFactory    - platform = Windows 11
2025-12-02 11:40:36.835 INFO  c.k.k.core.webui.driver.DriverFactory    - seleniumVersion = 4.28.1
2025-12-02 11:40:36.836 INFO  c.k.k.core.webui.driver.DriverFactory    - proxyInformation = ProxyInformation { proxyOption=NO_PROXY, proxyServerType=HTTP, username=, password=********, proxyServerAddress=, proxyServerPort=0, executionList="", isApplyToDesiredCapabilities=true }
2025-12-02 11:40:37.376 DEBUG testcase.testcase1                       - 2: setText(findTestObject("Object Repository/HRIS/Page_Login  TrilaSoft/input_Remember Me_email"), username)
2025-12-02 11:40:38.201 DEBUG testcase.testcase1                       - 3: setEncryptedText(findTestObject("Object Repository/HRIS/Page_Login  TrilaSoft/input_Remember Me_password"), password)
2025-12-02 11:40:38.584 DEBUG testcase.testcase1                       - 4: click(findTestObject("Object Repository/HRIS/Page_Login  TrilaSoft/button_Remember Me_btn btn-primary"))
2025-12-02 11:40:42.100 DEBUG testcase.testcase1                       - 5: title = getWindowTitle()
2025-12-02 11:40:42.114 DEBUG testcase.testcase1                       - 6: println(title)
My Dashboard | TrilaSoft
2025-12-02 11:40:42.115 DEBUG testcase.testcase1                       - 7: assert title == "My Dashboard | TrilaSoft"
2025-12-02 11:40:42.116 DEBUG testcase.testcase1                       - 8: closeBrowser()
2025-12-02 11:40:42.281 INFO  c.k.katalon.core.main.TestCaseExecutor   - END Test Cases/HRIS/SignIn/testcase3
2025-12-02 11:40:42.288 INFO  c.k.katalon.core.main.TestCaseExecutor   - --------------------
2025-12-02 11:40:42.288 INFO  c.k.katalon.core.main.TestCaseExecutor   - START Test Cases/HRIS/SignIn/testcase4
2025-12-02 11:40:42.300 DEBUG testcase.testcase1                       - 1: openBrowser("https://qahris.trilasoft.com/")
2025-12-02 11:40:42.302 INFO  c.k.k.core.webui.driver.DriverFactory    - Starting 'Chrome' driver
2025-12-02 11:40:42.304 INFO  c.k.k.core.webui.driver.DriverFactory    - Action delay is set to 0 milliseconds
Dec 02, 2025 11:40:43 AM org.openqa.selenium.devtools.CdpVersionFinder findNearestMatch
WARNING: Unable to find an exact match for CDP version 142, returning the closest version; found: 138; Please update to a Selenium version that supports CDP version 142
2025-12-02 11:40:43.074 INFO  c.k.k.core.webui.driver.DriverFactory    - sessionId = 1638b7683ae86d486f80949a1b326dbb
2025-12-02 11:40:43.075 INFO  c.k.k.core.webui.driver.DriverFactory    - browser = Chrome 142.0.7444.176
2025-12-02 11:40:43.076 INFO  c.k.k.core.webui.driver.DriverFactory    - platform = Windows 11
2025-12-02 11:40:43.076 INFO  c.k.k.core.webui.driver.DriverFactory    - seleniumVersion = 4.28.1
2025-12-02 11:40:43.077 INFO  c.k.k.core.webui.driver.DriverFactory    - proxyInformation = ProxyInformation { proxyOption=NO_PROXY, proxyServerType=HTTP, username=, password=********, proxyServerAddress=, proxyServerPort=0, executionList="", isApplyToDesiredCapabilities=true }
2025-12-02 11:40:43.651 DEBUG testcase.testcase1                       - 2: setText(findTestObject("Object Repository/HRIS/Page_Login  TrilaSoft/input_Remember Me_email"), username)
2025-12-02 11:40:44.517 DEBUG testcase.testcase1                       - 3: setEncryptedText(findTestObject("Object Repository/HRIS/Page_Login  TrilaSoft/input_Remember Me_password"), password)
2025-12-02 11:40:44.875 DEBUG testcase.testcase1                       - 4: click(findTestObject("Object Repository/HRIS/Page_Login  TrilaSoft/button_Remember Me_btn btn-primary"))
2025-12-02 11:40:48.238 DEBUG testcase.testcase1                       - 5: title = getWindowTitle()
2025-12-02 11:40:48.260 DEBUG testcase.testcase1                       - 6: println(title)
My Dashboard | TrilaSoft
2025-12-02 11:40:48.261 DEBUG testcase.testcase1                       - 7: assert title == "My Dashboard | TrilaSoft"
2025-12-02 11:40:48.262 DEBUG testcase.testcase1                       - 8: closeBrowser()
2025-12-02 11:40:48.454 INFO  c.k.katalon.core.main.TestCaseExecutor   - END Test Cases/HRIS/SignIn/testcase4
2025-12-02 11:40:48.456 INFO  c.k.katalon.core.main.TestCaseExecutor   - --------------------
2025-12-02 11:40:48.456 INFO  c.k.katalon.core.main.TestCaseExecutor   - START Test Cases/HRIS/SignIn/testcase5
2025-12-02 11:40:48.480 DEBUG testcase.testcase1                       - 1: openBrowser("https://qahris.trilasoft.com/")
2025-12-02 11:40:48.485 INFO  c.k.k.core.webui.driver.DriverFactory    - Starting 'Chrome' driver
2025-12-02 11:40:48.488 INFO  c.k.k.core.webui.driver.DriverFactory    - Action delay is set to 0 milliseconds
Dec 02, 2025 11:40:49 AM org.openqa.selenium.devtools.CdpVersionFinder findNearestMatch
WARNING: Unable to find an exact match for CDP version 142, returning the closest version; found: 138; Please update to a Selenium version that supports CDP version 142
2025-12-02 11:40:49.258 INFO  c.k.k.core.webui.driver.DriverFactory    - sessionId = 389aecd86598c12b4b998633a3019b8b
2025-12-02 11:40:49.259 INFO  c.k.k.core.webui.driver.DriverFactory    - browser = Chrome 142.0.7444.176
2025-12-02 11:40:49.259 INFO  c.k.k.core.webui.driver.DriverFactory    - platform = Windows 11
2025-12-02 11:40:49.259 INFO  c.k.k.core.webui.driver.DriverFactory    - seleniumVersion = 4.28.1
2025-12-02 11:40:49.259 INFO  c.k.k.core.webui.driver.DriverFactory    - proxyInformation = ProxyInformation { proxyOption=NO_PROXY, proxyServerType=HTTP, username=, password=********, proxyServerAddress=, proxyServerPort=0, executionList="", isApplyToDesiredCapabilities=true }
2025-12-02 11:40:49.792 DEBUG testcase.testcase1                       - 2: setText(findTestObject("Object Repository/HRIS/Page_Login  TrilaSoft/input_Remember Me_email"), username)
2025-12-02 11:40:50.657 DEBUG testcase.testcase1                       - 3: setEncryptedText(findTestObject("Object Repository/HRIS/Page_Login  TrilaSoft/input_Remember Me_password"), password)
2025-12-02 11:40:51.039 DEBUG testcase.testcase1                       - 4: click(findTestObject("Object Repository/HRIS/Page_Login  TrilaSoft/button_Remember Me_btn btn-primary"))
2025-12-02 11:40:54.626 DEBUG testcase.testcase1                       - 5: title = getWindowTitle()
2025-12-02 11:40:54.648 DEBUG testcase.testcase1                       - 6: println(title)
My Dashboard | TrilaSoft
2025-12-02 11:40:54.648 DEBUG testcase.testcase1                       - 7: assert title == "My Dashboard | TrilaSoft"
2025-12-02 11:40:54.649 DEBUG testcase.testcase1                       - 8: closeBrowser()
2025-12-02 11:40:54.795 INFO  c.k.katalon.core.main.TestCaseExecutor   - END Test Cases/HRIS/SignIn/testcase5
2025-12-02 11:40:54.824 INFO  c.k.katalon.core.main.TestSuiteExecutor  - --------------------
2025-12-02 11:40:54.824 INFO  c.k.katalon.core.main.TestSuiteExecutor  - END Test Suites/TS_01
2025-12-02 11:40:54.824 INFO  c.k.katalon.core.main.TestSuiteExecutor  - ====================
