2025-12-23 10:36:46.403 INFO  c.k.k.c.l.logback.LogbackConfigurator    - Logback default configuration initialized from: C:\Users\Shashi Prasanjit\.katalon\packages\KSE-10.4.0\configuration\org.eclipse.osgi\131\0\.cp\resources\logback\logback-execution.xml
2025-12-23 10:36:46.407 INFO  c.k.k.c.l.logback.LogbackConfigurator    - Logback custom configuration initialized from: C:\githubproject\gocopious\HRIS\Include\config\log.properties
2025-12-23 10:36:46.913 INFO  c.k.katalon.core.main.TestSuiteExecutor  - START Test Suites/login
2025-12-23 10:36:47.316 INFO  c.k.katalon.core.main.TestSuiteExecutor  - userFullName = Shashi Prakash
2025-12-23 10:36:47.317 INFO  c.k.katalon.core.main.TestSuiteExecutor  - projectName = HRIS
2025-12-23 10:36:47.319 INFO  c.k.katalon.core.main.TestSuiteExecutor  - hostName = Shashi Prasanjit - Shashi
2025-12-23 10:36:47.320 INFO  c.k.katalon.core.main.TestSuiteExecutor  - os = Windows 11 64bit
2025-12-23 10:36:47.321 INFO  c.k.katalon.core.main.TestSuiteExecutor  - hostAddress = 192.168.1.4
2025-12-23 10:36:47.325 INFO  c.k.katalon.core.main.TestSuiteExecutor  - katalonVersion = 10.4.0.0
2025-12-23 10:36:48.450 INFO  c.k.katalon.core.main.TestCaseExecutor   - --------------------
2025-12-23 10:36:48.451 INFO  c.k.katalon.core.main.TestCaseExecutor   - START Test Cases/HRIS/SignIn/invalid_login
2025-12-23 10:36:49.118 DEBUG testcase.invalid_login                   - 1: openBrowser("https://qahris.trilasoft.com/")
2025-12-23 10:36:49.570 INFO  c.k.k.core.webui.driver.DriverFactory    - Starting 'Chrome' driver
2025-12-23 10:36:49.644 INFO  c.k.k.core.webui.driver.DriverFactory    - Action delay is set to 0 milliseconds
Dec 23, 2025 10:36:51 AM org.openqa.selenium.devtools.CdpVersionFinder findNearestMatch
WARNING: Unable to find CDP implementation matching 143
Dec 23, 2025 10:36:51 AM org.openqa.selenium.chromium.ChromiumDriver lambda$new$4
WARNING: Unable to find version of CDP to use for 143.0.7499.147. You may need to include a dependency on a specific version of the CDP using something similar to `org.seleniumhq.selenium:selenium-devtools-v86:4.28.1` where the version ("v86") matches the version of the chromium-based browser you're using and the version number of the artifact is the same as Selenium's.
2025-12-23 10:36:54.383 INFO  c.k.k.core.webui.driver.DriverFactory    - sessionId = 34d6075327cf5f07c13567eb2af75f3f
2025-12-23 10:36:54.388 INFO  c.k.k.core.webui.driver.DriverFactory    - browser = Chrome 143.0.7499.147
2025-12-23 10:36:54.391 INFO  c.k.k.core.webui.driver.DriverFactory    - platform = Windows 11
2025-12-23 10:36:54.402 INFO  c.k.k.core.webui.driver.DriverFactory    - seleniumVersion = 4.28.1
2025-12-23 10:36:54.499 INFO  c.k.k.core.webui.driver.DriverFactory    - proxyInformation = ProxyInformation { proxyOption=NO_PROXY, proxyServerType=HTTP, username=, password=********, proxyServerAddress=, proxyServerPort=0, executionList="", isApplyToDesiredCapabilities=true }
2025-12-23 10:36:56.256 DEBUG testcase.invalid_login                   - 2: closeBrowser()
2025-12-23 10:36:57.371 INFO  c.k.katalon.core.main.TestCaseExecutor   - END Test Cases/HRIS/SignIn/invalid_login
2025-12-23 10:36:57.437 INFO  c.k.katalon.core.main.TestCaseExecutor   - --------------------
2025-12-23 10:36:57.440 INFO  c.k.katalon.core.main.TestCaseExecutor   - START Test Cases/HRIS/SignIn/login
2025-12-23 10:36:58.365 DEBUG testcase.login                           - 1: openBrowser("https://qahris.trilasoft.com/")
2025-12-23 10:36:58.398 INFO  c.k.k.core.webui.driver.DriverFactory    - Starting 'Chrome' driver
2025-12-23 10:36:58.404 INFO  c.k.k.core.webui.driver.DriverFactory    - Action delay is set to 0 milliseconds
Dec 23, 2025 10:37:01 AM org.openqa.selenium.devtools.CdpVersionFinder findNearestMatch
WARNING: Unable to find CDP implementation matching 143
Dec 23, 2025 10:37:01 AM org.openqa.selenium.chromium.ChromiumDriver lambda$new$4
WARNING: Unable to find version of CDP to use for 143.0.7499.147. You may need to include a dependency on a specific version of the CDP using something similar to `org.seleniumhq.selenium:selenium-devtools-v86:4.28.1` where the version ("v86") matches the version of the chromium-based browser you're using and the version number of the artifact is the same as Selenium's.
2025-12-23 10:37:02.276 INFO  c.k.k.core.webui.driver.DriverFactory    - sessionId = 065ab051647e748b21fb8e827083345b
2025-12-23 10:37:02.279 INFO  c.k.k.core.webui.driver.DriverFactory    - browser = Chrome 143.0.7499.147
2025-12-23 10:37:02.280 INFO  c.k.k.core.webui.driver.DriverFactory    - platform = Windows 11
2025-12-23 10:37:02.289 INFO  c.k.k.core.webui.driver.DriverFactory    - seleniumVersion = 4.28.1
2025-12-23 10:37:02.296 INFO  c.k.k.core.webui.driver.DriverFactory    - proxyInformation = ProxyInformation { proxyOption=NO_PROXY, proxyServerType=HTTP, username=, password=********, proxyServerAddress=, proxyServerPort=0, executionList="", isApplyToDesiredCapabilities=true }
2025-12-23 10:37:03.639 DEBUG testcase.login                           - 2: setText(findTestObject("Object Repository/HRIS/Page_Login  TrilaSoft/input_Remember Me_email"), username)
2025-12-23 10:37:07.631 DEBUG testcase.login                           - 3: setEncryptedText(findTestObject("Object Repository/HRIS/Page_Login  TrilaSoft/input_Remember Me_password"), password)
2025-12-23 10:37:08.954 DEBUG testcase.login                           - 4: click(findTestObject("Object Repository/HRIS/Page_Login  TrilaSoft/button_Remember Me_btn btn-primary"))
2025-12-23 10:37:15.587 DEBUG testcase.login                           - 5: title = getWindowTitle()
2025-12-23 10:37:15.890 DEBUG testcase.login                           - 6: println(title)
My Dashboard | TrilaSoft
2025-12-23 10:37:15.943 DEBUG testcase.login                           - 7: assert title == "My Dashboard | TrilaSoft"
2025-12-23 10:37:15.971 DEBUG testcase.login                           - 8: closeBrowser()
2025-12-23 10:37:16.985 INFO  c.k.katalon.core.main.TestCaseExecutor   - END Test Cases/HRIS/SignIn/login
2025-12-23 10:37:17.171 INFO  c.k.katalon.core.main.TestSuiteExecutor  - --------------------
2025-12-23 10:37:17.172 INFO  c.k.katalon.core.main.TestSuiteExecutor  - END Test Suites/login
2025-12-23 10:37:17.172 INFO  c.k.katalon.core.main.TestSuiteExecutor  - ====================
