2025-12-02 11:24:32.006 INFO  c.k.k.c.l.logback.LogbackConfigurator    - Logback default configuration initialized from: C:\Users\Shashi Prasanjit\.katalon\packages\KSE-10.4.0\configuration\org.eclipse.osgi\131\0\.cp\resources\logback\logback-execution.xml
2025-12-02 11:24:32.009 INFO  c.k.k.c.l.logback.LogbackConfigurator    - Logback custom configuration initialized from: C:\Users\Shashi Prasanjit\Katalon Studio\HRIS\Include\config\log.properties
2025-12-02 11:24:32.113 INFO  c.k.katalon.core.main.TestSuiteExecutor  - START Test Suites/TS_09
2025-12-02 11:24:32.237 INFO  c.k.katalon.core.main.TestSuiteExecutor  - userFullName = Shashi Prakash
2025-12-02 11:24:32.238 INFO  c.k.katalon.core.main.TestSuiteExecutor  - projectName = HRIS
2025-12-02 11:24:32.239 INFO  c.k.katalon.core.main.TestSuiteExecutor  - hostName = Shashi Prasanjit - 192.168.1.3
2025-12-02 11:24:32.239 INFO  c.k.katalon.core.main.TestSuiteExecutor  - os = Windows 11 64bit
2025-12-02 11:24:32.239 INFO  c.k.katalon.core.main.TestSuiteExecutor  - hostAddress = 192.168.1.3
2025-12-02 11:24:32.241 INFO  c.k.katalon.core.main.TestSuiteExecutor  - katalonVersion = 10.4.0.0
2025-12-02 11:24:32.784 INFO  c.k.katalon.core.main.TestCaseExecutor   - --------------------
2025-12-02 11:24:32.784 INFO  c.k.katalon.core.main.TestCaseExecutor   - START Test Cases/HRIS/SignIn/testcase41
2025-12-02 11:24:33.094 DEBUG testcase.testcase41                      - 1: openBrowser("https://qahris.trilasoft.com/")
2025-12-02 11:24:33.304 INFO  c.k.k.core.webui.driver.DriverFactory    - Starting 'Chrome' driver
2025-12-02 11:24:33.364 INFO  c.k.k.core.webui.driver.DriverFactory    - Action delay is set to 0 milliseconds
Dec 02, 2025 11:24:34 AM org.openqa.selenium.devtools.CdpVersionFinder findNearestMatch
WARNING: Unable to find an exact match for CDP version 142, returning the closest version; found: 138; Please update to a Selenium version that supports CDP version 142
2025-12-02 11:24:34.926 INFO  c.k.k.core.webui.driver.DriverFactory    - sessionId = 5105295def8c2965f2c4f7ae355a71a5
2025-12-02 11:24:34.927 INFO  c.k.k.core.webui.driver.DriverFactory    - browser = Chrome 142.0.7444.176
2025-12-02 11:24:34.928 INFO  c.k.k.core.webui.driver.DriverFactory    - platform = Windows 11
2025-12-02 11:24:34.928 INFO  c.k.k.core.webui.driver.DriverFactory    - seleniumVersion = 4.28.1
2025-12-02 11:24:34.945 INFO  c.k.k.core.webui.driver.DriverFactory    - proxyInformation = ProxyInformation { proxyOption=NO_PROXY, proxyServerType=HTTP, username=, password=********, proxyServerAddress=, proxyServerPort=0, executionList="", isApplyToDesiredCapabilities=true }
2025-12-02 11:24:35.534 DEBUG testcase.testcase41                      - 2: setText(findTestObject("Object Repository/HRIS/Page_Login  TrilaSoft/input_Remember Me_email"), username)
2025-12-02 11:24:36.442 DEBUG testcase.testcase41                      - 3: setEncryptedText(findTestObject("Object Repository/HRIS/Page_Login  TrilaSoft/input_Remember Me_password"), password)
2025-12-02 11:24:36.830 DEBUG testcase.testcase41                      - 4: click(findTestObject("Object Repository/HRIS/Page_Login  TrilaSoft/button_Remember Me_btn btn-primary"))
2025-12-02 11:24:40.086 DEBUG testcase.testcase41                      - 5: title = getWindowTitle()
2025-12-02 11:24:40.117 DEBUG testcase.testcase41                      - 6: println(title)
My Dashboard | TrilaSoft
2025-12-02 11:24:40.131 DEBUG testcase.testcase41                      - 7: assert title == "My Dashboard | TrilaSoft"
2025-12-02 11:24:40.135 DEBUG testcase.testcase41                      - 8: closeBrowser()
2025-12-02 11:24:40.347 INFO  c.k.katalon.core.main.TestCaseExecutor   - END Test Cases/HRIS/SignIn/testcase41
2025-12-02 11:24:40.382 INFO  c.k.katalon.core.main.TestCaseExecutor   - --------------------
2025-12-02 11:24:40.383 INFO  c.k.katalon.core.main.TestCaseExecutor   - START Test Cases/HRIS/SignIn/testcase42
2025-12-02 11:24:40.395 DEBUG testcase.testcase41                      - 1: openBrowser("https://qahris.trilasoft.com/")
2025-12-02 11:24:40.400 INFO  c.k.k.core.webui.driver.DriverFactory    - Starting 'Chrome' driver
2025-12-02 11:24:40.402 INFO  c.k.k.core.webui.driver.DriverFactory    - Action delay is set to 0 milliseconds
Dec 02, 2025 11:24:41 AM org.openqa.selenium.devtools.CdpVersionFinder findNearestMatch
WARNING: Unable to find an exact match for CDP version 142, returning the closest version; found: 138; Please update to a Selenium version that supports CDP version 142
2025-12-02 11:24:41.186 INFO  c.k.k.core.webui.driver.DriverFactory    - sessionId = dcb599ac33149a97296524c26b0a048b
2025-12-02 11:24:41.187 INFO  c.k.k.core.webui.driver.DriverFactory    - browser = Chrome 142.0.7444.176
2025-12-02 11:24:41.187 INFO  c.k.k.core.webui.driver.DriverFactory    - platform = Windows 11
2025-12-02 11:24:41.188 INFO  c.k.k.core.webui.driver.DriverFactory    - seleniumVersion = 4.28.1
2025-12-02 11:24:41.188 INFO  c.k.k.core.webui.driver.DriverFactory    - proxyInformation = ProxyInformation { proxyOption=NO_PROXY, proxyServerType=HTTP, username=, password=********, proxyServerAddress=, proxyServerPort=0, executionList="", isApplyToDesiredCapabilities=true }
2025-12-02 11:24:41.754 DEBUG testcase.testcase41                      - 2: setText(findTestObject("Object Repository/HRIS/Page_Login  TrilaSoft/input_Remember Me_email"), username)
2025-12-02 11:24:42.596 DEBUG testcase.testcase41                      - 3: setEncryptedText(findTestObject("Object Repository/HRIS/Page_Login  TrilaSoft/input_Remember Me_password"), password)
2025-12-02 11:24:42.937 DEBUG testcase.testcase41                      - 4: click(findTestObject("Object Repository/HRIS/Page_Login  TrilaSoft/button_Remember Me_btn btn-primary"))
2025-12-02 11:24:46.372 DEBUG testcase.testcase41                      - 5: title = getWindowTitle()
2025-12-02 11:24:46.390 DEBUG testcase.testcase41                      - 6: println(title)
My Dashboard | TrilaSoft
2025-12-02 11:24:46.391 DEBUG testcase.testcase41                      - 7: assert title == "My Dashboard | TrilaSoft"
2025-12-02 11:24:46.392 DEBUG testcase.testcase41                      - 8: closeBrowser()
2025-12-02 11:24:46.581 INFO  c.k.katalon.core.main.TestCaseExecutor   - END Test Cases/HRIS/SignIn/testcase42
2025-12-02 11:24:46.599 INFO  c.k.katalon.core.main.TestCaseExecutor   - --------------------
2025-12-02 11:24:46.599 INFO  c.k.katalon.core.main.TestCaseExecutor   - START Test Cases/HRIS/SignIn/testcase43
2025-12-02 11:24:46.608 DEBUG testcase.testcase41                      - 1: openBrowser("https://qahris.trilasoft.com/")
2025-12-02 11:24:46.611 INFO  c.k.k.core.webui.driver.DriverFactory    - Starting 'Chrome' driver
2025-12-02 11:24:46.612 INFO  c.k.k.core.webui.driver.DriverFactory    - Action delay is set to 0 milliseconds
Dec 02, 2025 11:24:47 AM org.openqa.selenium.devtools.CdpVersionFinder findNearestMatch
WARNING: Unable to find an exact match for CDP version 142, returning the closest version; found: 138; Please update to a Selenium version that supports CDP version 142
2025-12-02 11:24:47.349 INFO  c.k.k.core.webui.driver.DriverFactory    - sessionId = bccb45e70bf69db10de8ec50367646b1
2025-12-02 11:24:47.350 INFO  c.k.k.core.webui.driver.DriverFactory    - browser = Chrome 142.0.7444.176
2025-12-02 11:24:47.350 INFO  c.k.k.core.webui.driver.DriverFactory    - platform = Windows 11
2025-12-02 11:24:47.350 INFO  c.k.k.core.webui.driver.DriverFactory    - seleniumVersion = 4.28.1
2025-12-02 11:24:47.351 INFO  c.k.k.core.webui.driver.DriverFactory    - proxyInformation = ProxyInformation { proxyOption=NO_PROXY, proxyServerType=HTTP, username=, password=********, proxyServerAddress=, proxyServerPort=0, executionList="", isApplyToDesiredCapabilities=true }
2025-12-02 11:24:48.193 DEBUG testcase.testcase41                      - 2: setText(findTestObject("Object Repository/HRIS/Page_Login  TrilaSoft/input_Remember Me_email"), username)
2025-12-02 11:24:49.095 DEBUG testcase.testcase41                      - 3: setEncryptedText(findTestObject("Object Repository/HRIS/Page_Login  TrilaSoft/input_Remember Me_password"), password)
2025-12-02 11:24:49.409 DEBUG testcase.testcase41                      - 4: click(findTestObject("Object Repository/HRIS/Page_Login  TrilaSoft/button_Remember Me_btn btn-primary"))
2025-12-02 11:24:52.569 DEBUG testcase.testcase41                      - 5: title = getWindowTitle()
2025-12-02 11:24:52.590 DEBUG testcase.testcase41                      - 6: println(title)
My Dashboard | TrilaSoft
2025-12-02 11:24:52.591 DEBUG testcase.testcase41                      - 7: assert title == "My Dashboard | TrilaSoft"
2025-12-02 11:24:52.592 DEBUG testcase.testcase41                      - 8: closeBrowser()
2025-12-02 11:24:52.801 INFO  c.k.katalon.core.main.TestCaseExecutor   - END Test Cases/HRIS/SignIn/testcase43
2025-12-02 11:24:52.830 INFO  c.k.katalon.core.main.TestCaseExecutor   - --------------------
2025-12-02 11:24:52.830 INFO  c.k.katalon.core.main.TestCaseExecutor   - START Test Cases/HRIS/SignIn/testcase44
2025-12-02 11:24:52.838 DEBUG testcase.testcase41                      - 1: openBrowser("https://qahris.trilasoft.com/")
2025-12-02 11:24:52.841 INFO  c.k.k.core.webui.driver.DriverFactory    - Starting 'Chrome' driver
2025-12-02 11:24:52.842 INFO  c.k.k.core.webui.driver.DriverFactory    - Action delay is set to 0 milliseconds
Dec 02, 2025 11:24:53 AM org.openqa.selenium.devtools.CdpVersionFinder findNearestMatch
WARNING: Unable to find an exact match for CDP version 142, returning the closest version; found: 138; Please update to a Selenium version that supports CDP version 142
2025-12-02 11:24:53.634 INFO  c.k.k.core.webui.driver.DriverFactory    - sessionId = fda587c46a8e44444bb43322fff5a2bf
2025-12-02 11:24:53.634 INFO  c.k.k.core.webui.driver.DriverFactory    - browser = Chrome 142.0.7444.176
2025-12-02 11:24:53.634 INFO  c.k.k.core.webui.driver.DriverFactory    - platform = Windows 11
2025-12-02 11:24:53.635 INFO  c.k.k.core.webui.driver.DriverFactory    - seleniumVersion = 4.28.1
2025-12-02 11:24:53.635 INFO  c.k.k.core.webui.driver.DriverFactory    - proxyInformation = ProxyInformation { proxyOption=NO_PROXY, proxyServerType=HTTP, username=, password=********, proxyServerAddress=, proxyServerPort=0, executionList="", isApplyToDesiredCapabilities=true }
2025-12-02 11:24:55.272 DEBUG testcase.testcase41                      - 2: setText(findTestObject("Object Repository/HRIS/Page_Login  TrilaSoft/input_Remember Me_email"), username)
2025-12-02 11:24:56.154 DEBUG testcase.testcase41                      - 3: setEncryptedText(findTestObject("Object Repository/HRIS/Page_Login  TrilaSoft/input_Remember Me_password"), password)
2025-12-02 11:24:56.516 DEBUG testcase.testcase41                      - 4: click(findTestObject("Object Repository/HRIS/Page_Login  TrilaSoft/button_Remember Me_btn btn-primary"))
2025-12-02 11:24:59.687 DEBUG testcase.testcase41                      - 5: title = getWindowTitle()
2025-12-02 11:24:59.702 DEBUG testcase.testcase41                      - 6: println(title)
My Dashboard | TrilaSoft
2025-12-02 11:24:59.703 DEBUG testcase.testcase41                      - 7: assert title == "My Dashboard | TrilaSoft"
2025-12-02 11:24:59.704 DEBUG testcase.testcase41                      - 8: closeBrowser()
2025-12-02 11:24:59.870 INFO  c.k.katalon.core.main.TestCaseExecutor   - END Test Cases/HRIS/SignIn/testcase44
2025-12-02 11:24:59.888 INFO  c.k.katalon.core.main.TestCaseExecutor   - --------------------
2025-12-02 11:24:59.888 INFO  c.k.katalon.core.main.TestCaseExecutor   - START Test Cases/HRIS/SignIn/testcase45
2025-12-02 11:24:59.896 DEBUG testcase.testcase41                      - 1: openBrowser("https://qahris.trilasoft.com/")
2025-12-02 11:24:59.898 INFO  c.k.k.core.webui.driver.DriverFactory    - Starting 'Chrome' driver
2025-12-02 11:24:59.899 INFO  c.k.k.core.webui.driver.DriverFactory    - Action delay is set to 0 milliseconds
Dec 02, 2025 11:25:00 AM org.openqa.selenium.devtools.CdpVersionFinder findNearestMatch
WARNING: Unable to find an exact match for CDP version 142, returning the closest version; found: 138; Please update to a Selenium version that supports CDP version 142
2025-12-02 11:25:00.646 INFO  c.k.k.core.webui.driver.DriverFactory    - sessionId = 893e3aed441985ec481781cd82773530
2025-12-02 11:25:00.646 INFO  c.k.k.core.webui.driver.DriverFactory    - browser = Chrome 142.0.7444.176
2025-12-02 11:25:00.646 INFO  c.k.k.core.webui.driver.DriverFactory    - platform = Windows 11
2025-12-02 11:25:00.647 INFO  c.k.k.core.webui.driver.DriverFactory    - seleniumVersion = 4.28.1
2025-12-02 11:25:00.647 INFO  c.k.k.core.webui.driver.DriverFactory    - proxyInformation = ProxyInformation { proxyOption=NO_PROXY, proxyServerType=HTTP, username=, password=********, proxyServerAddress=, proxyServerPort=0, executionList="", isApplyToDesiredCapabilities=true }
2025-12-02 11:25:01.384 DEBUG testcase.testcase41                      - 2: setText(findTestObject("Object Repository/HRIS/Page_Login  TrilaSoft/input_Remember Me_email"), username)
2025-12-02 11:25:02.216 DEBUG testcase.testcase41                      - 3: setEncryptedText(findTestObject("Object Repository/HRIS/Page_Login  TrilaSoft/input_Remember Me_password"), password)
2025-12-02 11:25:02.556 DEBUG testcase.testcase41                      - 4: click(findTestObject("Object Repository/HRIS/Page_Login  TrilaSoft/button_Remember Me_btn btn-primary"))
2025-12-02 11:25:06.224 DEBUG testcase.testcase41                      - 5: title = getWindowTitle()
2025-12-02 11:25:06.244 DEBUG testcase.testcase41                      - 6: println(title)
My Dashboard | TrilaSoft
2025-12-02 11:25:06.246 DEBUG testcase.testcase41                      - 7: assert title == "My Dashboard | TrilaSoft"
2025-12-02 11:25:06.246 DEBUG testcase.testcase41                      - 8: closeBrowser()
2025-12-02 11:25:06.454 INFO  c.k.katalon.core.main.TestCaseExecutor   - END Test Cases/HRIS/SignIn/testcase45
2025-12-02 11:25:06.483 INFO  c.k.katalon.core.main.TestSuiteExecutor  - --------------------
2025-12-02 11:25:06.483 INFO  c.k.katalon.core.main.TestSuiteExecutor  - END Test Suites/TS_09
2025-12-02 11:25:06.483 INFO  c.k.katalon.core.main.TestSuiteExecutor  - ====================
